{"/private/tmp/aigov/governor-ts/src/index.ts": {"path":"/private/tmp/aigov/governor-ts/src/index.ts","all":true,"statementMap":{"0":{"start":{"line":1,"column":0},"end":{"line":1,"column":3}}},"s":{"0":0},"branchMap":{"0":{"type":"branch","line":1,"loc":{"start":{"line":1,"column":2266},"end":{"line":96,"column":68}},"locations":[{"start":{"line":1,"column":2266},"end":{"line":96,"column":68}}]}},"b":{"0":[0]},"fnMap":{"0":{"name":"(empty-report)","decl":{"start":{"line":1,"column":2266},"end":{"line":96,"column":68}},"loc":{"start":{"line":1,"column":2266},"end":{"line":96,"column":68}},"line":1}},"f":{"0":0}}
,"/private/tmp/aigov/governor-ts/src/types.ts": {"path":"/private/tmp/aigov/governor-ts/src/types.ts","all":false,"statementMap":{"178":{"start":{"line":179,"column":0},"end":{"line":179,"column":26}},"179":{"start":{"line":180,"column":0},"end":{"line":180,"column":21}},"180":{"start":{"line":181,"column":0},"end":{"line":181,"column":19}},"181":{"start":{"line":182,"column":0},"end":{"line":182,"column":39}},"182":{"start":{"line":183,"column":0},"end":{"line":183,"column":43}},"183":{"start":{"line":184,"column":0},"end":{"line":184,"column":25}},"184":{"start":{"line":185,"column":0},"end":{"line":185,"column":19}},"185":{"start":{"line":186,"column":0},"end":{"line":186,"column":21}},"186":{"start":{"line":187,"column":0},"end":{"line":187,"column":19}},"187":{"start":{"line":188,"column":0},"end":{"line":188,"column":23}},"188":{"start":{"line":189,"column":0},"end":{"line":189,"column":11}},"191":{"start":{"line":192,"column":0},"end":{"line":192,"column":33}},"192":{"start":{"line":193,"column":0},"end":{"line":193,"column":15}},"193":{"start":{"line":194,"column":0},"end":{"line":194,"column":15}},"194":{"start":{"line":195,"column":0},"end":{"line":195,"column":11}},"198":{"start":{"line":199,"column":0},"end":{"line":199,"column":26}},"199":{"start":{"line":200,"column":0},"end":{"line":200,"column":35}},"200":{"start":{"line":201,"column":0},"end":{"line":201,"column":33}},"201":{"start":{"line":202,"column":0},"end":{"line":202,"column":43}},"202":{"start":{"line":203,"column":0},"end":{"line":203,"column":45}},"203":{"start":{"line":204,"column":0},"end":{"line":204,"column":37}},"204":{"start":{"line":205,"column":0},"end":{"line":205,"column":35}},"205":{"start":{"line":206,"column":0},"end":{"line":206,"column":43}},"206":{"start":{"line":207,"column":0},"end":{"line":207,"column":29}},"207":{"start":{"line":208,"column":0},"end":{"line":208,"column":31}},"208":{"start":{"line":209,"column":0},"end":{"line":209,"column":11}},"211":{"start":{"line":212,"column":0},"end":{"line":212,"column":24}},"212":{"start":{"line":213,"column":0},"end":{"line":213,"column":30}},"213":{"start":{"line":214,"column":0},"end":{"line":214,"column":25}},"214":{"start":{"line":215,"column":0},"end":{"line":215,"column":30}},"215":{"start":{"line":216,"column":0},"end":{"line":216,"column":30}},"216":{"start":{"line":217,"column":0},"end":{"line":217,"column":33}},"217":{"start":{"line":218,"column":0},"end":{"line":218,"column":32}},"218":{"start":{"line":219,"column":0},"end":{"line":219,"column":30}},"219":{"start":{"line":220,"column":0},"end":{"line":220,"column":32}},"220":{"start":{"line":221,"column":0},"end":{"line":221,"column":11}},"251":{"start":{"line":252,"column":0},"end":{"line":252,"column":27}},"258":{"start":{"line":259,"column":0},"end":{"line":259,"column":14}},"259":{"start":{"line":260,"column":0},"end":{"line":260,"column":19}},"260":{"start":{"line":261,"column":0},"end":{"line":261,"column":23}},"261":{"start":{"line":262,"column":0},"end":{"line":262,"column":47}},"262":{"start":{"line":263,"column":0},"end":{"line":263,"column":5}},"263":{"start":{"line":264,"column":0},"end":{"line":264,"column":25}},"264":{"start":{"line":265,"column":0},"end":{"line":265,"column":30}},"265":{"start":{"line":266,"column":0},"end":{"line":266,"column":48}},"266":{"start":{"line":267,"column":0},"end":{"line":267,"column":29}},"267":{"start":{"line":268,"column":0},"end":{"line":268,"column":51}},"268":{"start":{"line":269,"column":0},"end":{"line":269,"column":3}},"269":{"start":{"line":270,"column":0},"end":{"line":270,"column":1}},"271":{"start":{"line":272,"column":0},"end":{"line":272,"column":26}},"278":{"start":{"line":279,"column":0},"end":{"line":279,"column":14}},"279":{"start":{"line":280,"column":0},"end":{"line":280,"column":20}},"280":{"start":{"line":281,"column":0},"end":{"line":281,"column":20}},"281":{"start":{"line":282,"column":0},"end":{"line":282,"column":16}},"282":{"start":{"line":283,"column":0},"end":{"line":283,"column":17}},"283":{"start":{"line":284,"column":0},"end":{"line":284,"column":20}},"284":{"start":{"line":285,"column":0},"end":{"line":285,"column":5}},"285":{"start":{"line":286,"column":0},"end":{"line":286,"column":27}},"286":{"start":{"line":287,"column":0},"end":{"line":287,"column":25}},"287":{"start":{"line":288,"column":0},"end":{"line":288,"column":25}},"288":{"start":{"line":289,"column":0},"end":{"line":289,"column":27}},"289":{"start":{"line":290,"column":0},"end":{"line":290,"column":27}},"290":{"start":{"line":291,"column":0},"end":{"line":291,"column":3}},"292":{"start":{"line":293,"column":0},"end":{"line":293,"column":29}},"293":{"start":{"line":294,"column":0},"end":{"line":294,"column":12}},"294":{"start":{"line":295,"column":0},"end":{"line":295,"column":29}},"295":{"start":{"line":296,"column":0},"end":{"line":296,"column":26}},"296":{"start":{"line":297,"column":0},"end":{"line":297,"column":26}},"297":{"start":{"line":298,"column":0},"end":{"line":298,"column":29}},"298":{"start":{"line":299,"column":0},"end":{"line":299,"column":49}},"299":{"start":{"line":300,"column":0},"end":{"line":300,"column":6}},"300":{"start":{"line":301,"column":0},"end":{"line":301,"column":3}},"301":{"start":{"line":302,"column":0},"end":{"line":302,"column":1}}},"s":{"178":1,"179":1,"180":1,"181":1,"182":1,"183":1,"184":1,"185":1,"186":1,"187":1,"188":1,"191":1,"192":1,"193":1,"194":1,"198":1,"199":1,"200":1,"201":1,"202":1,"203":1,"204":1,"205":1,"206":1,"207":1,"208":1,"211":1,"212":1,"213":1,"214":1,"215":1,"216":1,"217":1,"218":1,"219":1,"220":1,"251":1,"258":1,"259":37,"260":37,"261":37,"262":37,"263":37,"264":37,"265":37,"266":37,"267":37,"268":37,"269":1,"271":1,"278":1,"279":134,"280":134,"281":134,"282":134,"283":134,"284":134,"285":134,"286":134,"287":134,"288":134,"289":134,"290":134,"292":1,"293":112,"294":112,"295":112,"296":112,"297":112,"298":112,"299":112,"300":112,"301":1},"branchMap":{"0":{"type":"branch","line":259,"loc":{"start":{"line":259,"column":2},"end":{"line":269,"column":3}},"locations":[{"start":{"line":259,"column":2},"end":{"line":269,"column":3}}]},"1":{"type":"branch","line":268,"loc":{"start":{"line":268,"column":28},"end":{"line":268,"column":51}},"locations":[{"start":{"line":268,"column":28},"end":{"line":268,"column":51}}]},"2":{"type":"branch","line":279,"loc":{"start":{"line":279,"column":2},"end":{"line":291,"column":3}},"locations":[{"start":{"line":279,"column":2},"end":{"line":291,"column":3}}]},"3":{"type":"branch","line":293,"loc":{"start":{"line":293,"column":2},"end":{"line":301,"column":3}},"locations":[{"start":{"line":293,"column":2},"end":{"line":301,"column":3}}]},"4":{"type":"branch","line":299,"loc":{"start":{"line":299,"column":15},"end":{"line":299,"column":45}},"locations":[{"start":{"line":299,"column":15},"end":{"line":299,"column":45}}]},"5":{"type":"branch","line":299,"loc":{"start":{"line":299,"column":41},"end":{"line":299,"column":49}},"locations":[{"start":{"line":299,"column":41},"end":{"line":299,"column":49}}]}},"b":{"0":[37],"1":[2],"2":[134],"3":[112],"4":[4],"5":[108]},"fnMap":{"0":{"name":"GuardContext","decl":{"start":{"line":259,"column":2},"end":{"line":269,"column":3}},"loc":{"start":{"line":259,"column":2},"end":{"line":269,"column":3}},"line":259},"1":{"name":"GuardResult","decl":{"start":{"line":279,"column":2},"end":{"line":291,"column":3}},"loc":{"start":{"line":279,"column":2},"end":{"line":291,"column":3}},"line":279},"2":{"name":"toDict","decl":{"start":{"line":293,"column":2},"end":{"line":301,"column":3}},"loc":{"start":{"line":293,"column":2},"end":{"line":301,"column":3}},"line":293}},"f":{"0":37,"1":134,"2":112}}
,"/private/tmp/aigov/governor-ts/src/analytics/graph_algorithms.ts": {"path":"/private/tmp/aigov/governor-ts/src/analytics/graph_algorithms.ts","all":false,"statementMap":{"28":{"start":{"line":29,"column":0},"end":{"line":29,"column":32}},"31":{"start":{"line":32,"column":0},"end":{"line":32,"column":38}},"32":{"start":{"line":33,"column":0},"end":{"line":33,"column":28}},"33":{"start":{"line":34,"column":0},"end":{"line":34,"column":3}},"45":{"start":{"line":46,"column":0},"end":{"line":46,"column":28}},"46":{"start":{"line":47,"column":0},"end":{"line":47,"column":23}},"47":{"start":{"line":48,"column":0},"end":{"line":48,"column":41}},"48":{"start":{"line":49,"column":0},"end":{"line":49,"column":38}},"49":{"start":{"line":50,"column":0},"end":{"line":50,"column":33}},"57":{"start":{"line":58,"column":0},"end":{"line":58,"column":16}},"58":{"start":{"line":59,"column":0},"end":{"line":59,"column":6}},"59":{"start":{"line":60,"column":0},"end":{"line":60,"column":3}},"66":{"start":{"line":67,"column":0},"end":{"line":67,"column":26}},"67":{"start":{"line":68,"column":0},"end":{"line":68,"column":23}},"68":{"start":{"line":69,"column":0},"end":{"line":69,"column":41}},"69":{"start":{"line":70,"column":0},"end":{"line":70,"column":38}},"70":{"start":{"line":71,"column":0},"end":{"line":71,"column":67}},"80":{"start":{"line":81,"column":0},"end":{"line":81,"column":16}},"81":{"start":{"line":82,"column":0},"end":{"line":82,"column":6}},"82":{"start":{"line":83,"column":0},"end":{"line":83,"column":3}},"90":{"start":{"line":91,"column":0},"end":{"line":91,"column":29}},"91":{"start":{"line":92,"column":0},"end":{"line":92,"column":32}},"92":{"start":{"line":93,"column":0},"end":{"line":93,"column":23}},"93":{"start":{"line":94,"column":0},"end":{"line":94,"column":41}},"94":{"start":{"line":95,"column":0},"end":{"line":95,"column":38}},"95":{"start":{"line":96,"column":0},"end":{"line":96,"column":80}},"106":{"start":{"line":107,"column":0},"end":{"line":107,"column":51}},"107":{"start":{"line":108,"column":0},"end":{"line":108,"column":6}},"108":{"start":{"line":109,"column":0},"end":{"line":109,"column":3}},"115":{"start":{"line":116,"column":0},"end":{"line":116,"column":26}},"116":{"start":{"line":117,"column":0},"end":{"line":117,"column":19}},"117":{"start":{"line":118,"column":0},"end":{"line":118,"column":41}},"118":{"start":{"line":119,"column":0},"end":{"line":119,"column":47}},"119":{"start":{"line":120,"column":0},"end":{"line":120,"column":25}},"120":{"start":{"line":121,"column":0},"end":{"line":121,"column":16}},"121":{"start":{"line":122,"column":0},"end":{"line":122,"column":53}},"122":{"start":{"line":123,"column":0},"end":{"line":123,"column":27}},"123":{"start":{"line":124,"column":0},"end":{"line":124,"column":5}},"124":{"start":{"line":125,"column":0},"end":{"line":125,"column":38}},"125":{"start":{"line":126,"column":0},"end":{"line":126,"column":33}},"126":{"start":{"line":127,"column":0},"end":{"line":127,"column":21}},"134":{"start":{"line":135,"column":0},"end":{"line":135,"column":13}},"135":{"start":{"line":136,"column":0},"end":{"line":136,"column":6}},"136":{"start":{"line":137,"column":0},"end":{"line":137,"column":3}},"141":{"start":{"line":142,"column":0},"end":{"line":142,"column":30}},"142":{"start":{"line":143,"column":0},"end":{"line":143,"column":20}},"143":{"start":{"line":144,"column":0},"end":{"line":144,"column":24}},"144":{"start":{"line":145,"column":0},"end":{"line":145,"column":41}},"145":{"start":{"line":146,"column":0},"end":{"line":146,"column":54}},"146":{"start":{"line":147,"column":0},"end":{"line":147,"column":25}},"147":{"start":{"line":148,"column":0},"end":{"line":148,"column":17}},"148":{"start":{"line":149,"column":0},"end":{"line":149,"column":49}},"149":{"start":{"line":150,"column":0},"end":{"line":150,"column":30}},"150":{"start":{"line":151,"column":0},"end":{"line":151,"column":5}},"151":{"start":{"line":152,"column":0},"end":{"line":152,"column":38}},"152":{"start":{"line":153,"column":0},"end":{"line":153,"column":67}},"153":{"start":{"line":154,"column":0},"end":{"line":154,"column":21}},"164":{"start":{"line":165,"column":0},"end":{"line":165,"column":13}},"165":{"start":{"line":166,"column":0},"end":{"line":166,"column":6}},"166":{"start":{"line":167,"column":0},"end":{"line":167,"column":3}},"177":{"start":{"line":178,"column":0},"end":{"line":178,"column":27}},"178":{"start":{"line":179,"column":0},"end":{"line":179,"column":27}},"179":{"start":{"line":180,"column":0},"end":{"line":180,"column":24}},"180":{"start":{"line":181,"column":0},"end":{"line":181,"column":21}},"181":{"start":{"line":182,"column":0},"end":{"line":182,"column":20}},"182":{"start":{"line":183,"column":0},"end":{"line":183,"column":62}},"184":{"start":{"line":185,"column":0},"end":{"line":185,"column":6}},"185":{"start":{"line":186,"column":0},"end":{"line":186,"column":3}},"192":{"start":{"line":193,"column":0},"end":{"line":193,"column":31}},"193":{"start":{"line":194,"column":0},"end":{"line":194,"column":37}},"194":{"start":{"line":195,"column":0},"end":{"line":195,"column":24}},"195":{"start":{"line":196,"column":0},"end":{"line":196,"column":21}},"196":{"start":{"line":197,"column":0},"end":{"line":197,"column":20}},"197":{"start":{"line":198,"column":0},"end":{"line":198,"column":66}},"199":{"start":{"line":200,"column":0},"end":{"line":200,"column":6}},"200":{"start":{"line":201,"column":0},"end":{"line":201,"column":3}},"207":{"start":{"line":208,"column":0},"end":{"line":208,"column":54}},"208":{"start":{"line":209,"column":0},"end":{"line":209,"column":20}},"209":{"start":{"line":210,"column":0},"end":{"line":210,"column":70}},"211":{"start":{"line":212,"column":0},"end":{"line":212,"column":6}},"212":{"start":{"line":213,"column":0},"end":{"line":213,"column":3}},"219":{"start":{"line":220,"column":0},"end":{"line":220,"column":70}},"220":{"start":{"line":221,"column":0},"end":{"line":221,"column":20}},"221":{"start":{"line":222,"column":0},"end":{"line":222,"column":59}},"223":{"start":{"line":224,"column":0},"end":{"line":224,"column":6}},"224":{"start":{"line":225,"column":0},"end":{"line":225,"column":3}},"225":{"start":{"line":226,"column":0},"end":{"line":226,"column":1}}},"s":{"28":1,"31":1,"32":1,"33":1,"45":1,"46":0,"47":0,"48":0,"49":0,"57":0,"58":0,"59":0,"66":1,"67":0,"68":0,"69":0,"70":0,"80":0,"81":0,"82":0,"90":1,"91":0,"92":0,"93":0,"94":0,"95":0,"106":0,"107":0,"108":0,"115":1,"116":0,"117":0,"118":0,"119":0,"120":0,"121":0,"122":0,"123":0,"124":0,"125":0,"126":0,"134":0,"135":0,"136":0,"141":1,"142":0,"143":0,"144":0,"145":0,"146":0,"147":0,"148":0,"149":0,"150":0,"151":0,"152":0,"153":0,"164":0,"165":0,"166":0,"177":1,"178":1,"179":1,"180":1,"181":1,"182":1,"184":1,"185":1,"192":1,"193":1,"194":1,"195":1,"196":1,"197":1,"199":1,"200":1,"207":1,"208":1,"209":1,"211":1,"212":1,"219":1,"220":1,"221":1,"223":1,"224":1,"225":1},"branchMap":{"0":{"type":"branch","line":32,"loc":{"start":{"line":32,"column":2},"end":{"line":34,"column":3}},"locations":[{"start":{"line":32,"column":2},"end":{"line":34,"column":3}}]},"1":{"type":"branch","line":178,"loc":{"start":{"line":178,"column":2},"end":{"line":186,"column":3}},"locations":[{"start":{"line":178,"column":2},"end":{"line":186,"column":3}}]},"2":{"type":"branch","line":193,"loc":{"start":{"line":193,"column":2},"end":{"line":201,"column":3}},"locations":[{"start":{"line":193,"column":2},"end":{"line":201,"column":3}}]},"3":{"type":"branch","line":208,"loc":{"start":{"line":208,"column":2},"end":{"line":213,"column":3}},"locations":[{"start":{"line":208,"column":2},"end":{"line":213,"column":3}}]},"4":{"type":"branch","line":220,"loc":{"start":{"line":220,"column":2},"end":{"line":225,"column":3}},"locations":[{"start":{"line":220,"column":2},"end":{"line":225,"column":3}}]}},"b":{"0":[1],"1":[1],"2":[1],"3":[1],"4":[1]},"fnMap":{"0":{"name":"GovernorAnalytics","decl":{"start":{"line":32,"column":2},"end":{"line":34,"column":3}},"loc":{"start":{"line":32,"column":2},"end":{"line":34,"column":3}},"line":32},"1":{"name":"getGuardBottlenecks","decl":{"start":{"line":46,"column":2},"end":{"line":60,"column":3}},"loc":{"start":{"line":46,"column":2},"end":{"line":60,"column":3}},"line":46},"2":{"name":"getReworkHotspots","decl":{"start":{"line":67,"column":2},"end":{"line":83,"column":3}},"loc":{"start":{"line":67,"column":2},"end":{"line":83,"column":3}},"line":67},"3":{"name":"getGuardCooccurrence","decl":{"start":{"line":91,"column":2},"end":{"line":109,"column":3}},"loc":{"start":{"line":91,"column":2},"end":{"line":109,"column":3}},"line":91},"4":{"name":"getRoleEfficiency","decl":{"start":{"line":116,"column":2},"end":{"line":137,"column":3}},"loc":{"start":{"line":116,"column":2},"end":{"line":137,"column":3}},"line":116},"5":{"name":"getTransitionTimeline","decl":{"start":{"line":142,"column":2},"end":{"line":167,"column":3}},"loc":{"start":{"line":142,"column":2},"end":{"line":167,"column":3}},"line":142},"6":{"name":"getTaskCriticality","decl":{"start":{"line":178,"column":2},"end":{"line":186,"column":3}},"loc":{"start":{"line":178,"column":2},"end":{"line":186,"column":3}},"line":178},"7":{"name":"getBlockingBottlenecks","decl":{"start":{"line":193,"column":2},"end":{"line":201,"column":3}},"loc":{"start":{"line":193,"column":2},"end":{"line":201,"column":3}},"line":193},"8":{"name":"detectCircularDependencies","decl":{"start":{"line":208,"column":2},"end":{"line":213,"column":3}},"loc":{"start":{"line":208,"column":2},"end":{"line":213,"column":3}},"line":208},"9":{"name":"getTaskClusters","decl":{"start":{"line":220,"column":2},"end":{"line":225,"column":3}},"loc":{"start":{"line":220,"column":2},"end":{"line":225,"column":3}},"line":220}},"f":{"0":1,"1":0,"2":0,"3":0,"4":0,"5":0,"6":1,"7":1,"8":1,"9":1}}
,"/private/tmp/aigov/governor-ts/src/backend/base.ts": {"path":"/private/tmp/aigov/governor-ts/src/backend/base.ts","all":false,"statementMap":{"14":{"start":{"line":15,"column":0},"end":{"line":15,"column":39}},"41":{"start":{"line":42,"column":0},"end":{"line":42,"column":59}},"42":{"start":{"line":43,"column":0},"end":{"line":43,"column":20}},"43":{"start":{"line":44,"column":0},"end":{"line":44,"column":65}},"44":{"start":{"line":45,"column":0},"end":{"line":45,"column":6}},"45":{"start":{"line":46,"column":0},"end":{"line":46,"column":3}},"47":{"start":{"line":48,"column":0},"end":{"line":48,"column":18}},"48":{"start":{"line":49,"column":0},"end":{"line":49,"column":19}},"49":{"start":{"line":50,"column":0},"end":{"line":50,"column":36}},"50":{"start":{"line":51,"column":0},"end":{"line":51,"column":20}},"51":{"start":{"line":52,"column":0},"end":{"line":52,"column":20}},"52":{"start":{"line":53,"column":0},"end":{"line":53,"column":64}},"53":{"start":{"line":54,"column":0},"end":{"line":54,"column":6}},"54":{"start":{"line":55,"column":0},"end":{"line":55,"column":3}},"56":{"start":{"line":57,"column":0},"end":{"line":57,"column":18}},"57":{"start":{"line":58,"column":0},"end":{"line":58,"column":19}},"58":{"start":{"line":59,"column":0},"end":{"line":59,"column":36}},"59":{"start":{"line":60,"column":0},"end":{"line":60,"column":20}},"60":{"start":{"line":61,"column":0},"end":{"line":61,"column":20}},"61":{"start":{"line":62,"column":0},"end":{"line":62,"column":64}},"62":{"start":{"line":63,"column":0},"end":{"line":63,"column":6}},"63":{"start":{"line":64,"column":0},"end":{"line":64,"column":3}},"65":{"start":{"line":66,"column":0},"end":{"line":66,"column":19}},"66":{"start":{"line":67,"column":0},"end":{"line":67,"column":19}},"67":{"start":{"line":68,"column":0},"end":{"line":68,"column":37}},"68":{"start":{"line":69,"column":0},"end":{"line":69,"column":20}},"69":{"start":{"line":70,"column":0},"end":{"line":70,"column":20}},"70":{"start":{"line":71,"column":0},"end":{"line":71,"column":65}},"71":{"start":{"line":72,"column":0},"end":{"line":72,"column":6}},"72":{"start":{"line":73,"column":0},"end":{"line":73,"column":3}},"74":{"start":{"line":75,"column":0},"end":{"line":75,"column":30}},"75":{"start":{"line":76,"column":0},"end":{"line":76,"column":31}},"76":{"start":{"line":77,"column":0},"end":{"line":77,"column":28}},"77":{"start":{"line":78,"column":0},"end":{"line":78,"column":59}},"78":{"start":{"line":79,"column":0},"end":{"line":79,"column":3}},"80":{"start":{"line":81,"column":0},"end":{"line":81,"column":24}},"81":{"start":{"line":82,"column":0},"end":{"line":82,"column":19}},"82":{"start":{"line":83,"column":0},"end":{"line":83,"column":37}},"83":{"start":{"line":84,"column":0},"end":{"line":84,"column":31}},"84":{"start":{"line":85,"column":0},"end":{"line":85,"column":35}},"85":{"start":{"line":86,"column":0},"end":{"line":86,"column":28}},"86":{"start":{"line":87,"column":0},"end":{"line":87,"column":47}},"87":{"start":{"line":88,"column":0},"end":{"line":88,"column":13}},"88":{"start":{"line":89,"column":0},"end":{"line":89,"column":14}},"89":{"start":{"line":90,"column":0},"end":{"line":90,"column":28}},"90":{"start":{"line":91,"column":0},"end":{"line":91,"column":6}},"91":{"start":{"line":92,"column":0},"end":{"line":92,"column":51}},"93":{"start":{"line":94,"column":0},"end":{"line":94,"column":64}},"94":{"start":{"line":95,"column":0},"end":{"line":95,"column":31}},"95":{"start":{"line":96,"column":0},"end":{"line":96,"column":14}},"96":{"start":{"line":97,"column":0},"end":{"line":97,"column":23}},"97":{"start":{"line":98,"column":0},"end":{"line":98,"column":41}},"98":{"start":{"line":99,"column":0},"end":{"line":99,"column":24}},"99":{"start":{"line":100,"column":0},"end":{"line":100,"column":8}},"100":{"start":{"line":101,"column":0},"end":{"line":101,"column":5}},"102":{"start":{"line":103,"column":0},"end":{"line":103,"column":12}},"103":{"start":{"line":104,"column":0},"end":{"line":104,"column":20}},"104":{"start":{"line":105,"column":0},"end":{"line":105,"column":22}},"105":{"start":{"line":106,"column":0},"end":{"line":106,"column":42}},"106":{"start":{"line":107,"column":0},"end":{"line":107,"column":37}},"107":{"start":{"line":108,"column":0},"end":{"line":108,"column":6}},"108":{"start":{"line":109,"column":0},"end":{"line":109,"column":3}},"110":{"start":{"line":111,"column":0},"end":{"line":111,"column":57}},"111":{"start":{"line":112,"column":0},"end":{"line":112,"column":61}},"112":{"start":{"line":113,"column":0},"end":{"line":113,"column":3}},"114":{"start":{"line":115,"column":0},"end":{"line":115,"column":26}},"115":{"start":{"line":116,"column":0},"end":{"line":116,"column":19}},"116":{"start":{"line":117,"column":0},"end":{"line":117,"column":15}},"117":{"start":{"line":118,"column":0},"end":{"line":118,"column":37}},"118":{"start":{"line":119,"column":0},"end":{"line":119,"column":14}},"119":{"start":{"line":120,"column":0},"end":{"line":120,"column":3}},"121":{"start":{"line":122,"column":0},"end":{"line":122,"column":32}},"122":{"start":{"line":123,"column":0},"end":{"line":123,"column":15}},"123":{"start":{"line":124,"column":0},"end":{"line":124,"column":41}},"124":{"start":{"line":125,"column":0},"end":{"line":125,"column":14}},"125":{"start":{"line":126,"column":0},"end":{"line":126,"column":3}},"127":{"start":{"line":128,"column":0},"end":{"line":128,"column":63}},"128":{"start":{"line":129,"column":0},"end":{"line":129,"column":12}},"129":{"start":{"line":130,"column":0},"end":{"line":130,"column":17}},"130":{"start":{"line":131,"column":0},"end":{"line":131,"column":54}},"131":{"start":{"line":132,"column":0},"end":{"line":132,"column":6}},"132":{"start":{"line":133,"column":0},"end":{"line":133,"column":3}},"134":{"start":{"line":135,"column":0},"end":{"line":135,"column":25}},"135":{"start":{"line":136,"column":0},"end":{"line":136,"column":19}},"136":{"start":{"line":137,"column":0},"end":{"line":137,"column":39}},"137":{"start":{"line":138,"column":0},"end":{"line":138,"column":61}},"138":{"start":{"line":139,"column":0},"end":{"line":139,"column":3}},"139":{"start":{"line":140,"column":0},"end":{"line":140,"column":1}}},"s":{"14":1,"41":1,"42":0,"43":0,"44":0,"45":0,"47":1,"48":0,"49":0,"50":0,"51":0,"52":0,"53":0,"54":0,"56":1,"57":0,"58":0,"59":0,"60":0,"61":0,"62":0,"63":0,"65":1,"66":0,"67":0,"68":0,"69":0,"70":0,"71":0,"72":0,"74":1,"75":0,"76":0,"77":0,"78":0,"80":1,"81":0,"82":0,"83":0,"84":0,"85":0,"86":0,"87":0,"88":0,"89":0,"90":0,"91":0,"93":0,"94":0,"95":0,"96":0,"97":0,"98":0,"99":0,"100":0,"102":0,"103":0,"104":0,"105":0,"106":0,"107":0,"108":0,"110":1,"111":0,"112":0,"114":1,"115":0,"116":0,"117":0,"118":0,"119":0,"121":1,"122":0,"123":0,"124":0,"125":0,"127":1,"128":0,"129":0,"130":0,"131":0,"132":0,"134":1,"135":0,"136":0,"137":0,"138":0,"139":1},"branchMap":{},"b":{},"fnMap":{"0":{"name":"createTask","decl":{"start":{"line":42,"column":2},"end":{"line":46,"column":3}},"loc":{"start":{"line":42,"column":2},"end":{"line":46,"column":3}},"line":42},"1":{"name":"addReview","decl":{"start":{"line":48,"column":2},"end":{"line":55,"column":3}},"loc":{"start":{"line":48,"column":2},"end":{"line":55,"column":3}},"line":48},"2":{"name":"addReport","decl":{"start":{"line":57,"column":2},"end":{"line":64,"column":3}},"loc":{"start":{"line":57,"column":2},"end":{"line":64,"column":3}},"line":57},"3":{"name":"addHandoff","decl":{"start":{"line":66,"column":2},"end":{"line":73,"column":3}},"loc":{"start":{"line":66,"column":2},"end":{"line":73,"column":3}},"line":66},"4":{"name":"recordTransitionEvent","decl":{"start":{"line":75,"column":2},"end":{"line":79,"column":3}},"loc":{"start":{"line":75,"column":2},"end":{"line":79,"column":3}},"line":75},"5":{"name":"applyTransition","decl":{"start":{"line":81,"column":2},"end":{"line":109,"column":3}},"loc":{"start":{"line":81,"column":2},"end":{"line":109,"column":3}},"line":81},"6":{"name":"healthCheck","decl":{"start":{"line":111,"column":2},"end":{"line":113,"column":3}},"loc":{"start":{"line":111,"column":2},"end":{"line":113,"column":3}},"line":111},"7":{"name":"getTaskAuditTrail","decl":{"start":{"line":115,"column":2},"end":{"line":120,"column":3}},"loc":{"start":{"line":115,"column":2},"end":{"line":120,"column":3}},"line":115},"8":{"name":"getGuardFailureHotspots","decl":{"start":{"line":122,"column":2},"end":{"line":126,"column":3}},"loc":{"start":{"line":122,"column":2},"end":{"line":126,"column":3}},"line":122},"9":{"name":"getPolicyCoverage","decl":{"start":{"line":128,"column":2},"end":{"line":133,"column":3}},"loc":{"start":{"line":128,"column":2},"end":{"line":133,"column":3}},"line":128},"10":{"name":"getReworkLineage","decl":{"start":{"line":135,"column":2},"end":{"line":139,"column":3}},"loc":{"start":{"line":135,"column":2},"end":{"line":139,"column":3}},"line":135}},"f":{"0":0,"1":0,"2":0,"3":0,"4":0,"5":0,"6":0,"7":0,"8":0,"9":0,"10":0}}
,"/private/tmp/aigov/governor-ts/src/backend/memory.ts": {"path":"/private/tmp/aigov/governor-ts/src/backend/memory.ts","all":false,"statementMap":{"0":{"start":{"line":1,"column":0},"end":{"line":1,"column":3}},"17":{"start":{"line":18,"column":0},"end":{"line":18,"column":33}},"19":{"start":{"line":20,"column":0},"end":{"line":20,"column":63}},"20":{"start":{"line":21,"column":0},"end":{"line":21,"column":34}},"21":{"start":{"line":22,"column":0},"end":{"line":22,"column":67}},"22":{"start":{"line":23,"column":0},"end":{"line":23,"column":20}},"23":{"start":{"line":24,"column":0},"end":{"line":24,"column":88}},"24":{"start":{"line":25,"column":0},"end":{"line":25,"column":6}},"25":{"start":{"line":26,"column":0},"end":{"line":26,"column":3}},"26":{"start":{"line":27,"column":0},"end":{"line":27,"column":6}},"27":{"start":{"line":28,"column":0},"end":{"line":28,"column":64}},"28":{"start":{"line":29,"column":0},"end":{"line":29,"column":29}},"29":{"start":{"line":30,"column":0},"end":{"line":30,"column":5}},"30":{"start":{"line":31,"column":0},"end":{"line":31,"column":38}},"31":{"start":{"line":32,"column":0},"end":{"line":32,"column":3}},"32":{"start":{"line":33,"column":0},"end":{"line":33,"column":15}},"33":{"start":{"line":34,"column":0},"end":{"line":34,"column":1}},"35":{"start":{"line":36,"column":0},"end":{"line":36,"column":34}},"36":{"start":{"line":37,"column":0},"end":{"line":37,"column":73}},"37":{"start":{"line":38,"column":0},"end":{"line":38,"column":41}},"38":{"start":{"line":39,"column":0},"end":{"line":39,"column":1}},"40":{"start":{"line":41,"column":0},"end":{"line":41,"column":52}},"41":{"start":{"line":42,"column":0},"end":{"line":42,"column":47}},"42":{"start":{"line":43,"column":0},"end":{"line":43,"column":66}},"43":{"start":{"line":44,"column":0},"end":{"line":44,"column":66}},"44":{"start":{"line":45,"column":0},"end":{"line":45,"column":67}},"45":{"start":{"line":46,"column":0},"end":{"line":46,"column":56}},"51":{"start":{"line":52,"column":0},"end":{"line":52,"column":52}},"52":{"start":{"line":53,"column":0},"end":{"line":53,"column":41}},"53":{"start":{"line":54,"column":0},"end":{"line":54,"column":60}},"54":{"start":{"line":55,"column":0},"end":{"line":55,"column":12}},"55":{"start":{"line":56,"column":0},"end":{"line":56,"column":28}},"56":{"start":{"line":57,"column":0},"end":{"line":57,"column":54}},"57":{"start":{"line":58,"column":0},"end":{"line":58,"column":6}},"58":{"start":{"line":59,"column":0},"end":{"line":59,"column":3}},"60":{"start":{"line":61,"column":0},"end":{"line":61,"column":19}},"61":{"start":{"line":62,"column":0},"end":{"line":62,"column":19}},"62":{"start":{"line":63,"column":0},"end":{"line":63,"column":37}},"63":{"start":{"line":64,"column":0},"end":{"line":64,"column":35}},"64":{"start":{"line":65,"column":0},"end":{"line":65,"column":28}},"65":{"start":{"line":66,"column":0},"end":{"line":66,"column":41}},"66":{"start":{"line":67,"column":0},"end":{"line":67,"column":74}},"68":{"start":{"line":69,"column":0},"end":{"line":69,"column":8}},"69":{"start":{"line":70,"column":0},"end":{"line":70,"column":44}},"70":{"start":{"line":71,"column":0},"end":{"line":71,"column":43}},"71":{"start":{"line":72,"column":0},"end":{"line":72,"column":7}},"72":{"start":{"line":73,"column":0},"end":{"line":73,"column":14}},"73":{"start":{"line":74,"column":0},"end":{"line":74,"column":23}},"74":{"start":{"line":75,"column":0},"end":{"line":75,"column":37}},"75":{"start":{"line":76,"column":0},"end":{"line":76,"column":24}},"76":{"start":{"line":77,"column":0},"end":{"line":77,"column":55}},"77":{"start":{"line":78,"column":0},"end":{"line":78,"column":43}},"78":{"start":{"line":79,"column":0},"end":{"line":79,"column":8}},"79":{"start":{"line":80,"column":0},"end":{"line":80,"column":5}},"81":{"start":{"line":82,"column":0},"end":{"line":82,"column":57}},"82":{"start":{"line":83,"column":0},"end":{"line":83,"column":26}},"83":{"start":{"line":84,"column":0},"end":{"line":84,"column":54}},"84":{"start":{"line":85,"column":0},"end":{"line":85,"column":14}},"85":{"start":{"line":86,"column":0},"end":{"line":86,"column":76}},"86":{"start":{"line":87,"column":0},"end":{"line":87,"column":7}},"87":{"start":{"line":88,"column":0},"end":{"line":88,"column":5}},"88":{"start":{"line":89,"column":0},"end":{"line":89,"column":49}},"90":{"start":{"line":91,"column":0},"end":{"line":91,"column":71}},"91":{"start":{"line":92,"column":0},"end":{"line":92,"column":3}},"93":{"start":{"line":94,"column":0},"end":{"line":94,"column":54}},"94":{"start":{"line":95,"column":0},"end":{"line":95,"column":35}},"95":{"start":{"line":96,"column":0},"end":{"line":96,"column":3}},"97":{"start":{"line":98,"column":0},"end":{"line":98,"column":26}},"98":{"start":{"line":99,"column":0},"end":{"line":99,"column":19}},"99":{"start":{"line":100,"column":0},"end":{"line":100,"column":41}},"100":{"start":{"line":101,"column":0},"end":{"line":101,"column":54}},"101":{"start":{"line":102,"column":0},"end":{"line":102,"column":3}},"103":{"start":{"line":104,"column":0},"end":{"line":104,"column":26}},"104":{"start":{"line":105,"column":0},"end":{"line":105,"column":19}},"105":{"start":{"line":106,"column":0},"end":{"line":106,"column":41}},"106":{"start":{"line":107,"column":0},"end":{"line":107,"column":54}},"107":{"start":{"line":108,"column":0},"end":{"line":108,"column":3}},"113":{"start":{"line":114,"column":0},"end":{"line":114,"column":59}},"114":{"start":{"line":115,"column":0},"end":{"line":115,"column":36}},"115":{"start":{"line":116,"column":0},"end":{"line":116,"column":34}},"116":{"start":{"line":117,"column":0},"end":{"line":117,"column":56}},"117":{"start":{"line":118,"column":0},"end":{"line":118,"column":5}},"118":{"start":{"line":119,"column":0},"end":{"line":119,"column":41}},"119":{"start":{"line":120,"column":0},"end":{"line":120,"column":43}},"120":{"start":{"line":121,"column":0},"end":{"line":121,"column":54}},"121":{"start":{"line":122,"column":0},"end":{"line":122,"column":74}},"122":{"start":{"line":123,"column":0},"end":{"line":123,"column":5}},"123":{"start":{"line":124,"column":0},"end":{"line":124,"column":43}},"124":{"start":{"line":125,"column":0},"end":{"line":125,"column":30}},"125":{"start":{"line":126,"column":0},"end":{"line":126,"column":34}},"126":{"start":{"line":127,"column":0},"end":{"line":127,"column":27}},"127":{"start":{"line":128,"column":0},"end":{"line":128,"column":3}},"129":{"start":{"line":130,"column":0},"end":{"line":130,"column":18}},"130":{"start":{"line":131,"column":0},"end":{"line":131,"column":19}},"131":{"start":{"line":132,"column":0},"end":{"line":132,"column":36}},"132":{"start":{"line":133,"column":0},"end":{"line":133,"column":20}},"133":{"start":{"line":134,"column":0},"end":{"line":134,"column":49}},"134":{"start":{"line":135,"column":0},"end":{"line":135,"column":33}},"135":{"start":{"line":136,"column":0},"end":{"line":136,"column":36}},"136":{"start":{"line":137,"column":0},"end":{"line":137,"column":3}},"138":{"start":{"line":139,"column":0},"end":{"line":139,"column":18}},"139":{"start":{"line":140,"column":0},"end":{"line":140,"column":19}},"140":{"start":{"line":141,"column":0},"end":{"line":141,"column":36}},"141":{"start":{"line":142,"column":0},"end":{"line":142,"column":20}},"142":{"start":{"line":143,"column":0},"end":{"line":143,"column":49}},"143":{"start":{"line":144,"column":0},"end":{"line":144,"column":33}},"144":{"start":{"line":145,"column":0},"end":{"line":145,"column":36}},"145":{"start":{"line":146,"column":0},"end":{"line":146,"column":3}},"147":{"start":{"line":148,"column":0},"end":{"line":148,"column":19}},"148":{"start":{"line":149,"column":0},"end":{"line":149,"column":19}},"149":{"start":{"line":150,"column":0},"end":{"line":150,"column":37}},"150":{"start":{"line":151,"column":0},"end":{"line":151,"column":20}},"151":{"start":{"line":152,"column":0},"end":{"line":152,"column":50}},"152":{"start":{"line":153,"column":0},"end":{"line":153,"column":34}},"153":{"start":{"line":154,"column":0},"end":{"line":154,"column":37}},"154":{"start":{"line":155,"column":0},"end":{"line":155,"column":3}},"156":{"start":{"line":157,"column":0},"end":{"line":157,"column":24}},"157":{"start":{"line":158,"column":0},"end":{"line":158,"column":19}},"158":{"start":{"line":159,"column":0},"end":{"line":159,"column":37}},"159":{"start":{"line":160,"column":0},"end":{"line":160,"column":31}},"160":{"start":{"line":161,"column":0},"end":{"line":161,"column":35}},"161":{"start":{"line":162,"column":0},"end":{"line":162,"column":28}},"162":{"start":{"line":163,"column":0},"end":{"line":163,"column":41}},"163":{"start":{"line":164,"column":0},"end":{"line":164,"column":74}},"165":{"start":{"line":166,"column":0},"end":{"line":166,"column":37}},"166":{"start":{"line":167,"column":0},"end":{"line":167,"column":60}},"168":{"start":{"line":169,"column":0},"end":{"line":169,"column":9}},"169":{"start":{"line":170,"column":0},"end":{"line":170,"column":49}},"170":{"start":{"line":171,"column":0},"end":{"line":171,"column":15}},"171":{"start":{"line":172,"column":0},"end":{"line":172,"column":16}},"172":{"start":{"line":173,"column":0},"end":{"line":173,"column":30}},"173":{"start":{"line":174,"column":0},"end":{"line":174,"column":8}},"174":{"start":{"line":175,"column":0},"end":{"line":175,"column":53}},"176":{"start":{"line":177,"column":0},"end":{"line":177,"column":66}},"177":{"start":{"line":178,"column":0},"end":{"line":178,"column":33}},"178":{"start":{"line":179,"column":0},"end":{"line":179,"column":42}},"179":{"start":{"line":180,"column":0},"end":{"line":180,"column":58}},"180":{"start":{"line":181,"column":0},"end":{"line":181,"column":16}},"181":{"start":{"line":182,"column":0},"end":{"line":182,"column":25}},"182":{"start":{"line":183,"column":0},"end":{"line":183,"column":43}},"183":{"start":{"line":184,"column":0},"end":{"line":184,"column":26}},"184":{"start":{"line":185,"column":0},"end":{"line":185,"column":10}},"185":{"start":{"line":186,"column":0},"end":{"line":186,"column":7}},"187":{"start":{"line":188,"column":0},"end":{"line":188,"column":14}},"188":{"start":{"line":189,"column":0},"end":{"line":189,"column":22}},"189":{"start":{"line":190,"column":0},"end":{"line":190,"column":24}},"190":{"start":{"line":191,"column":0},"end":{"line":191,"column":44}},"191":{"start":{"line":192,"column":0},"end":{"line":192,"column":39}},"192":{"start":{"line":193,"column":0},"end":{"line":193,"column":8}},"193":{"start":{"line":194,"column":0},"end":{"line":194,"column":19}},"194":{"start":{"line":195,"column":0},"end":{"line":195,"column":40}},"195":{"start":{"line":196,"column":0},"end":{"line":196,"column":56}},"196":{"start":{"line":197,"column":0},"end":{"line":197,"column":16}},"197":{"start":{"line":198,"column":0},"end":{"line":198,"column":5}},"198":{"start":{"line":199,"column":0},"end":{"line":199,"column":3}},"200":{"start":{"line":201,"column":0},"end":{"line":201,"column":30}},"201":{"start":{"line":202,"column":0},"end":{"line":202,"column":31}},"202":{"start":{"line":203,"column":0},"end":{"line":203,"column":28}},"203":{"start":{"line":204,"column":0},"end":{"line":204,"column":34}},"204":{"start":{"line":205,"column":0},"end":{"line":205,"column":50}},"205":{"start":{"line":206,"column":0},"end":{"line":206,"column":90}},"206":{"start":{"line":207,"column":0},"end":{"line":207,"column":38}},"207":{"start":{"line":208,"column":0},"end":{"line":208,"column":54}},"208":{"start":{"line":209,"column":0},"end":{"line":209,"column":3}},"210":{"start":{"line":211,"column":0},"end":{"line":211,"column":26}},"211":{"start":{"line":212,"column":0},"end":{"line":212,"column":19}},"212":{"start":{"line":213,"column":0},"end":{"line":213,"column":15}},"213":{"start":{"line":214,"column":0},"end":{"line":214,"column":37}},"214":{"start":{"line":215,"column":0},"end":{"line":215,"column":41}},"215":{"start":{"line":216,"column":0},"end":{"line":216,"column":51}},"216":{"start":{"line":217,"column":0},"end":{"line":217,"column":34}},"217":{"start":{"line":218,"column":0},"end":{"line":218,"column":6}},"218":{"start":{"line":219,"column":0},"end":{"line":219,"column":29}},"219":{"start":{"line":220,"column":0},"end":{"line":220,"column":80}},"220":{"start":{"line":221,"column":0},"end":{"line":221,"column":80}},"221":{"start":{"line":222,"column":0},"end":{"line":222,"column":34}},"222":{"start":{"line":223,"column":0},"end":{"line":223,"column":7}},"223":{"start":{"line":224,"column":0},"end":{"line":224,"column":51}},"224":{"start":{"line":225,"column":0},"end":{"line":225,"column":3}},"226":{"start":{"line":227,"column":0},"end":{"line":227,"column":32}},"227":{"start":{"line":228,"column":0},"end":{"line":228,"column":15}},"228":{"start":{"line":229,"column":0},"end":{"line":229,"column":41}},"229":{"start":{"line":230,"column":0},"end":{"line":230,"column":41}},"230":{"start":{"line":231,"column":0},"end":{"line":231,"column":27}},"233":{"start":{"line":234,"column":0},"end":{"line":234,"column":8}},"234":{"start":{"line":235,"column":0},"end":{"line":235,"column":49}},"235":{"start":{"line":236,"column":0},"end":{"line":236,"column":74}},"236":{"start":{"line":237,"column":0},"end":{"line":237,"column":45}},"237":{"start":{"line":238,"column":0},"end":{"line":238,"column":42}},"238":{"start":{"line":239,"column":0},"end":{"line":239,"column":24}},"239":{"start":{"line":240,"column":0},"end":{"line":240,"column":25}},"240":{"start":{"line":241,"column":0},"end":{"line":241,"column":22}},"241":{"start":{"line":242,"column":0},"end":{"line":242,"column":10}},"242":{"start":{"line":243,"column":0},"end":{"line":243,"column":28}},"243":{"start":{"line":244,"column":0},"end":{"line":244,"column":41}},"244":{"start":{"line":245,"column":0},"end":{"line":245,"column":31}},"245":{"start":{"line":246,"column":0},"end":{"line":246,"column":7}},"246":{"start":{"line":247,"column":0},"end":{"line":247,"column":5}},"247":{"start":{"line":248,"column":0},"end":{"line":248,"column":45}},"248":{"start":{"line":249,"column":0},"end":{"line":249,"column":73}},"249":{"start":{"line":250,"column":0},"end":{"line":250,"column":6}},"250":{"start":{"line":251,"column":0},"end":{"line":251,"column":38}},"251":{"start":{"line":252,"column":0},"end":{"line":252,"column":3}},"253":{"start":{"line":254,"column":0},"end":{"line":254,"column":63}},"254":{"start":{"line":255,"column":0},"end":{"line":255,"column":26}},"257":{"start":{"line":258,"column":0},"end":{"line":258,"column":8}},"258":{"start":{"line":259,"column":0},"end":{"line":259,"column":23}},"259":{"start":{"line":260,"column":0},"end":{"line":260,"column":22}},"260":{"start":{"line":261,"column":0},"end":{"line":261,"column":22}},"262":{"start":{"line":263,"column":0},"end":{"line":263,"column":49}},"263":{"start":{"line":264,"column":0},"end":{"line":264,"column":74}},"264":{"start":{"line":265,"column":0},"end":{"line":265,"column":45}},"265":{"start":{"line":266,"column":0},"end":{"line":266,"column":40}},"266":{"start":{"line":267,"column":0},"end":{"line":267,"column":25}},"267":{"start":{"line":268,"column":0},"end":{"line":268,"column":20}},"268":{"start":{"line":269,"column":0},"end":{"line":269,"column":19}},"269":{"start":{"line":270,"column":0},"end":{"line":270,"column":10}},"270":{"start":{"line":271,"column":0},"end":{"line":271,"column":27}},"271":{"start":{"line":272,"column":0},"end":{"line":272,"column":21}},"272":{"start":{"line":273,"column":0},"end":{"line":273,"column":24}},"273":{"start":{"line":274,"column":0},"end":{"line":274,"column":24}},"274":{"start":{"line":275,"column":0},"end":{"line":275,"column":22}},"275":{"start":{"line":276,"column":0},"end":{"line":276,"column":16}},"276":{"start":{"line":277,"column":0},"end":{"line":277,"column":23}},"277":{"start":{"line":278,"column":0},"end":{"line":278,"column":22}},"278":{"start":{"line":279,"column":0},"end":{"line":279,"column":9}},"279":{"start":{"line":280,"column":0},"end":{"line":280,"column":29}},"280":{"start":{"line":281,"column":0},"end":{"line":281,"column":7}},"281":{"start":{"line":282,"column":0},"end":{"line":282,"column":5}},"283":{"start":{"line":284,"column":0},"end":{"line":284,"column":39}},"284":{"start":{"line":285,"column":0},"end":{"line":285,"column":45}},"285":{"start":{"line":286,"column":0},"end":{"line":286,"column":58}},"287":{"start":{"line":288,"column":0},"end":{"line":288,"column":12}},"288":{"start":{"line":289,"column":0},"end":{"line":289,"column":13}},"289":{"start":{"line":290,"column":0},"end":{"line":290,"column":15}},"290":{"start":{"line":291,"column":0},"end":{"line":291,"column":32}},"291":{"start":{"line":292,"column":0},"end":{"line":292,"column":26}},"292":{"start":{"line":293,"column":0},"end":{"line":293,"column":25}},"293":{"start":{"line":294,"column":0},"end":{"line":294,"column":8}},"294":{"start":{"line":295,"column":0},"end":{"line":295,"column":6}},"295":{"start":{"line":296,"column":0},"end":{"line":296,"column":3}},"297":{"start":{"line":298,"column":0},"end":{"line":298,"column":25}},"298":{"start":{"line":299,"column":0},"end":{"line":299,"column":19}},"299":{"start":{"line":300,"column":0},"end":{"line":300,"column":39}},"300":{"start":{"line":301,"column":0},"end":{"line":301,"column":49}},"301":{"start":{"line":302,"column":0},"end":{"line":302,"column":34}},"302":{"start":{"line":303,"column":0},"end":{"line":303,"column":6}},"303":{"start":{"line":304,"column":0},"end":{"line":304,"column":26}},"304":{"start":{"line":305,"column":0},"end":{"line":305,"column":41}},"305":{"start":{"line":306,"column":0},"end":{"line":306,"column":20}},"306":{"start":{"line":307,"column":0},"end":{"line":307,"column":39}},"307":{"start":{"line":308,"column":0},"end":{"line":308,"column":33}},"308":{"start":{"line":309,"column":0},"end":{"line":309,"column":29}},"309":{"start":{"line":310,"column":0},"end":{"line":310,"column":25}},"310":{"start":{"line":311,"column":0},"end":{"line":311,"column":35}},"311":{"start":{"line":312,"column":0},"end":{"line":312,"column":10}},"312":{"start":{"line":313,"column":0},"end":{"line":313,"column":39}},"313":{"start":{"line":314,"column":0},"end":{"line":314,"column":37}},"314":{"start":{"line":315,"column":0},"end":{"line":315,"column":13}},"315":{"start":{"line":316,"column":0},"end":{"line":316,"column":67}},"316":{"start":{"line":317,"column":0},"end":{"line":317,"column":3}},"318":{"start":{"line":319,"column":0},"end":{"line":319,"column":40}},"319":{"start":{"line":320,"column":0},"end":{"line":320,"column":19}},"320":{"start":{"line":321,"column":0},"end":{"line":321,"column":68}},"321":{"start":{"line":322,"column":0},"end":{"line":322,"column":6}},"322":{"start":{"line":323,"column":0},"end":{"line":323,"column":3}},"328":{"start":{"line":329,"column":0},"end":{"line":329,"column":67}},"329":{"start":{"line":330,"column":0},"end":{"line":330,"column":40}},"331":{"start":{"line":332,"column":0},"end":{"line":332,"column":59}},"332":{"start":{"line":333,"column":0},"end":{"line":333,"column":17}},"333":{"start":{"line":334,"column":0},"end":{"line":334,"column":27}},"334":{"start":{"line":335,"column":0},"end":{"line":335,"column":32}},"335":{"start":{"line":336,"column":0},"end":{"line":336,"column":32}},"336":{"start":{"line":337,"column":0},"end":{"line":337,"column":9}},"337":{"start":{"line":338,"column":0},"end":{"line":338,"column":5}},"338":{"start":{"line":339,"column":0},"end":{"line":339,"column":59}},"339":{"start":{"line":340,"column":0},"end":{"line":340,"column":17}},"340":{"start":{"line":341,"column":0},"end":{"line":341,"column":27}},"341":{"start":{"line":342,"column":0},"end":{"line":342,"column":32}},"342":{"start":{"line":343,"column":0},"end":{"line":343,"column":32}},"343":{"start":{"line":344,"column":0},"end":{"line":344,"column":9}},"344":{"start":{"line":345,"column":0},"end":{"line":345,"column":5}},"345":{"start":{"line":346,"column":0},"end":{"line":346,"column":61}},"346":{"start":{"line":347,"column":0},"end":{"line":347,"column":17}},"347":{"start":{"line":348,"column":0},"end":{"line":348,"column":27}},"348":{"start":{"line":349,"column":0},"end":{"line":349,"column":33}},"349":{"start":{"line":350,"column":0},"end":{"line":350,"column":33}},"350":{"start":{"line":351,"column":0},"end":{"line":351,"column":9}},"351":{"start":{"line":352,"column":0},"end":{"line":352,"column":5}},"352":{"start":{"line":353,"column":0},"end":{"line":353,"column":16}},"353":{"start":{"line":354,"column":0},"end":{"line":354,"column":3}},"354":{"start":{"line":355,"column":0},"end":{"line":355,"column":1}}},"s":{"0":1,"17":1,"19":149,"20":149,"21":149,"22":1,"23":1,"24":1,"25":1,"26":148,"27":148,"28":84,"29":149,"30":84,"31":84,"32":64,"33":64,"35":137,"36":137,"37":0,"38":0,"40":1,"41":32,"42":32,"43":32,"44":32,"45":32,"51":1,"52":28,"53":28,"54":26,"55":26,"56":26,"57":26,"58":28,"60":1,"61":13,"62":13,"63":13,"64":13,"65":13,"66":13,"68":13,"69":13,"70":13,"71":13,"72":2,"73":2,"74":2,"75":2,"76":2,"77":2,"78":2,"79":2,"81":11,"82":20,"83":1,"84":20,"85":19,"86":19,"87":20,"88":11,"90":11,"91":13,"93":1,"94":2,"95":2,"97":1,"98":0,"99":0,"100":0,"101":0,"103":1,"104":0,"105":0,"106":0,"107":0,"113":1,"114":26,"115":26,"116":1,"117":1,"118":25,"119":25,"120":26,"121":130,"122":130,"123":24,"124":24,"125":24,"126":24,"127":26,"129":1,"130":11,"131":11,"132":11,"133":11,"134":11,"135":11,"136":11,"138":1,"139":11,"140":11,"141":11,"142":11,"143":11,"144":11,"145":11,"147":1,"148":1,"149":1,"150":1,"151":1,"152":1,"153":1,"154":1,"156":1,"157":11,"158":11,"159":11,"160":11,"161":11,"162":11,"163":11,"165":11,"166":11,"168":11,"169":11,"170":11,"171":11,"172":11,"173":11,"174":11,"176":10,"177":11,"178":0,"179":0,"180":0,"181":0,"182":0,"183":0,"184":0,"185":0,"187":10,"188":10,"189":10,"190":10,"191":10,"192":10,"193":11,"194":0,"195":0,"196":0,"197":0,"198":11,"200":1,"201":17,"202":17,"203":17,"204":17,"205":17,"206":17,"207":17,"208":17,"210":1,"211":1,"212":1,"213":1,"214":1,"215":1,"216":1,"217":1,"218":1,"219":0,"220":0,"221":0,"222":1,"223":1,"224":1,"226":1,"227":1,"228":1,"229":1,"230":1,"233":1,"234":1,"235":2,"236":3,"237":3,"238":2,"239":2,"240":2,"241":2,"242":3,"243":3,"244":3,"245":3,"246":2,"247":1,"248":1,"249":1,"250":1,"251":1,"253":1,"254":0,"257":0,"258":0,"259":0,"260":0,"262":0,"263":0,"264":0,"265":0,"266":0,"267":0,"268":0,"269":0,"270":0,"271":0,"272":0,"273":0,"274":0,"275":0,"276":0,"277":0,"278":0,"279":0,"280":0,"281":0,"283":0,"284":0,"285":0,"287":0,"288":0,"289":0,"290":0,"291":0,"292":0,"293":0,"294":0,"295":0,"297":1,"298":0,"299":0,"300":0,"301":0,"302":0,"303":0,"304":0,"305":0,"306":0,"307":0,"308":0,"309":0,"310":0,"311":0,"312":0,"313":0,"314":0,"315":0,"316":0,"318":1,"319":0,"320":0,"321":0,"322":0,"328":1,"329":26,"331":26,"332":17,"333":17,"334":17,"335":17,"336":17,"337":17,"338":26,"339":17,"340":17,"341":17,"342":17,"343":17,"344":17,"345":26,"346":1,"347":1,"348":1,"349":1,"350":1,"351":1,"352":26,"353":26,"354":1},"branchMap":{"0":{"type":"branch","line":20,"loc":{"start":{"line":20,"column":0},"end":{"line":34,"column":1}},"locations":[{"start":{"line":20,"column":0},"end":{"line":34,"column":1}}]},"1":{"type":"branch","line":21,"loc":{"start":{"line":21,"column":21},"end":{"line":21,"column":34}},"locations":[{"start":{"line":21,"column":21},"end":{"line":21,"column":34}}]},"2":{"type":"branch","line":22,"loc":{"start":{"line":22,"column":66},"end":{"line":26,"column":3}},"locations":[{"start":{"line":22,"column":66},"end":{"line":26,"column":3}}]},"3":{"type":"branch","line":26,"loc":{"start":{"line":26,"column":2},"end":{"line":28,"column":64}},"locations":[{"start":{"line":26,"column":2},"end":{"line":28,"column":64}}]},"4":{"type":"branch","line":28,"loc":{"start":{"line":28,"column":60},"end":{"line":29,"column":29}},"locations":[{"start":{"line":28,"column":60},"end":{"line":29,"column":29}}]},"5":{"type":"branch","line":30,"loc":{"start":{"line":30,"column":4},"end":{"line":32,"column":3}},"locations":[{"start":{"line":30,"column":4},"end":{"line":32,"column":3}}]},"6":{"type":"branch","line":32,"loc":{"start":{"line":32,"column":2},"end":{"line":34,"column":1}},"locations":[{"start":{"line":32,"column":2},"end":{"line":34,"column":1}}]},"7":{"type":"branch","line":36,"loc":{"start":{"line":36,"column":0},"end":{"line":39,"column":1}},"locations":[{"start":{"line":36,"column":0},"end":{"line":39,"column":1}}]},"8":{"type":"branch","line":37,"loc":{"start":{"line":37,"column":71},"end":{"line":39,"column":1}},"locations":[{"start":{"line":37,"column":71},"end":{"line":39,"column":1}}]},"9":{"type":"branch","line":41,"loc":{"start":{"line":41,"column":7},"end":{"line":46,"column":56}},"locations":[{"start":{"line":41,"column":7},"end":{"line":46,"column":56}}]},"10":{"type":"branch","line":52,"loc":{"start":{"line":52,"column":2},"end":{"line":59,"column":3}},"locations":[{"start":{"line":52,"column":2},"end":{"line":59,"column":3}}]},"11":{"type":"branch","line":54,"loc":{"start":{"line":54,"column":15},"end":{"line":54,"column":60}},"locations":[{"start":{"line":54,"column":15},"end":{"line":54,"column":60}}]},"12":{"type":"branch","line":54,"loc":{"start":{"line":54,"column":58},"end":{"line":58,"column":6}},"locations":[{"start":{"line":54,"column":58},"end":{"line":58,"column":6}}]},"13":{"type":"branch","line":61,"loc":{"start":{"line":61,"column":2},"end":{"line":92,"column":3}},"locations":[{"start":{"line":61,"column":2},"end":{"line":92,"column":3}}]},"14":{"type":"branch","line":67,"loc":{"start":{"line":67,"column":15},"end":{"line":67,"column":74}},"locations":[{"start":{"line":67,"column":15},"end":{"line":67,"column":74}}]},"15":{"type":"branch","line":72,"loc":{"start":{"line":72,"column":6},"end":{"line":91,"column":71}},"locations":[{"start":{"line":72,"column":6},"end":{"line":91,"column":71}}]},"16":{"type":"branch","line":72,"loc":{"start":{"line":72,"column":6},"end":{"line":80,"column":5}},"locations":[{"start":{"line":72,"column":6},"end":{"line":80,"column":5}}]},"17":{"type":"branch","line":82,"loc":{"start":{"line":82,"column":56},"end":{"line":88,"column":5}},"locations":[{"start":{"line":82,"column":56},"end":{"line":88,"column":5}}]},"18":{"type":"branch","line":83,"loc":{"start":{"line":83,"column":25},"end":{"line":85,"column":13}},"locations":[{"start":{"line":83,"column":25},"end":{"line":85,"column":13}}]},"19":{"type":"branch","line":85,"loc":{"start":{"line":85,"column":6},"end":{"line":87,"column":7}},"locations":[{"start":{"line":85,"column":6},"end":{"line":87,"column":7}}]},"20":{"type":"branch","line":94,"loc":{"start":{"line":94,"column":2},"end":{"line":96,"column":3}},"locations":[{"start":{"line":94,"column":2},"end":{"line":96,"column":3}}]},"21":{"type":"branch","line":114,"loc":{"start":{"line":114,"column":2},"end":{"line":128,"column":3}},"locations":[{"start":{"line":114,"column":2},"end":{"line":128,"column":3}}]},"22":{"type":"branch","line":116,"loc":{"start":{"line":116,"column":33},"end":{"line":118,"column":5}},"locations":[{"start":{"line":116,"column":33},"end":{"line":118,"column":5}}]},"23":{"type":"branch","line":118,"loc":{"start":{"line":118,"column":4},"end":{"line":121,"column":53}},"locations":[{"start":{"line":118,"column":4},"end":{"line":121,"column":53}}]},"24":{"type":"branch","line":121,"loc":{"start":{"line":121,"column":53},"end":{"line":123,"column":5}},"locations":[{"start":{"line":121,"column":53},"end":{"line":123,"column":5}}]},"25":{"type":"branch","line":123,"loc":{"start":{"line":123,"column":4},"end":{"line":127,"column":27}},"locations":[{"start":{"line":123,"column":4},"end":{"line":127,"column":27}}]},"26":{"type":"branch","line":130,"loc":{"start":{"line":130,"column":2},"end":{"line":137,"column":3}},"locations":[{"start":{"line":130,"column":2},"end":{"line":137,"column":3}}]},"27":{"type":"branch","line":139,"loc":{"start":{"line":139,"column":2},"end":{"line":146,"column":3}},"locations":[{"start":{"line":139,"column":2},"end":{"line":146,"column":3}}]},"28":{"type":"branch","line":148,"loc":{"start":{"line":148,"column":2},"end":{"line":155,"column":3}},"locations":[{"start":{"line":148,"column":2},"end":{"line":155,"column":3}}]},"29":{"type":"branch","line":157,"loc":{"start":{"line":157,"column":2},"end":{"line":199,"column":3}},"locations":[{"start":{"line":157,"column":2},"end":{"line":199,"column":3}}]},"30":{"type":"branch","line":164,"loc":{"start":{"line":164,"column":15},"end":{"line":164,"column":74}},"locations":[{"start":{"line":164,"column":15},"end":{"line":164,"column":74}}]},"31":{"type":"branch","line":175,"loc":{"start":{"line":175,"column":33},"end":{"line":178,"column":32}},"locations":[{"start":{"line":175,"column":33},"end":{"line":178,"column":32}}]},"32":{"type":"branch","line":175,"loc":{"start":{"line":175,"column":33},"end":{"line":175,"column":53}},"locations":[{"start":{"line":175,"column":33},"end":{"line":175,"column":53}}]},"33":{"type":"branch","line":178,"loc":{"start":{"line":178,"column":32},"end":{"line":186,"column":7}},"locations":[{"start":{"line":178,"column":32},"end":{"line":186,"column":7}}]},"34":{"type":"branch","line":186,"loc":{"start":{"line":186,"column":6},"end":{"line":194,"column":13}},"locations":[{"start":{"line":186,"column":6},"end":{"line":194,"column":13}}]},"35":{"type":"branch","line":194,"loc":{"start":{"line":194,"column":4},"end":{"line":198,"column":5}},"locations":[{"start":{"line":194,"column":4},"end":{"line":198,"column":5}}]},"36":{"type":"branch","line":201,"loc":{"start":{"line":201,"column":2},"end":{"line":209,"column":3}},"locations":[{"start":{"line":201,"column":2},"end":{"line":209,"column":3}}]},"37":{"type":"branch","line":211,"loc":{"start":{"line":211,"column":2},"end":{"line":225,"column":3}},"locations":[{"start":{"line":211,"column":2},"end":{"line":225,"column":3}}]},"38":{"type":"branch","line":217,"loc":{"start":{"line":217,"column":6},"end":{"line":217,"column":34}},"locations":[{"start":{"line":217,"column":6},"end":{"line":217,"column":34}}]},"39":{"type":"branch","line":227,"loc":{"start":{"line":227,"column":2},"end":{"line":252,"column":3}},"locations":[{"start":{"line":227,"column":2},"end":{"line":252,"column":3}}]},"40":{"type":"branch","line":235,"loc":{"start":{"line":235,"column":48},"end":{"line":247,"column":5}},"locations":[{"start":{"line":235,"column":48},"end":{"line":247,"column":5}}]},"41":{"type":"branch","line":236,"loc":{"start":{"line":236,"column":30},"end":{"line":236,"column":73}},"locations":[{"start":{"line":236,"column":30},"end":{"line":236,"column":73}}]},"42":{"type":"branch","line":236,"loc":{"start":{"line":236,"column":73},"end":{"line":246,"column":7}},"locations":[{"start":{"line":236,"column":73},"end":{"line":246,"column":7}}]},"43":{"type":"branch","line":237,"loc":{"start":{"line":237,"column":23},"end":{"line":237,"column":45}},"locations":[{"start":{"line":237,"column":23},"end":{"line":237,"column":45}}]},"44":{"type":"branch","line":238,"loc":{"start":{"line":238,"column":36},"end":{"line":242,"column":10}},"locations":[{"start":{"line":238,"column":36},"end":{"line":242,"column":10}}]},"45":{"type":"branch","line":244,"loc":{"start":{"line":244,"column":24},"end":{"line":244,"column":41}},"locations":[{"start":{"line":244,"column":24},"end":{"line":244,"column":41}}]},"46":{"type":"branch","line":249,"loc":{"start":{"line":249,"column":6},"end":{"line":249,"column":73}},"locations":[{"start":{"line":249,"column":6},"end":{"line":249,"column":73}}]},"47":{"type":"branch","line":249,"loc":{"start":{"line":249,"column":31},"end":{"line":249,"column":73}},"locations":[{"start":{"line":249,"column":31},"end":{"line":249,"column":73}}]},"48":{"type":"branch","line":329,"loc":{"start":{"line":329,"column":10},"end":{"line":354,"column":3}},"locations":[{"start":{"line":329,"column":10},"end":{"line":354,"column":3}}]},"49":{"type":"branch","line":332,"loc":{"start":{"line":332,"column":49},"end":{"line":332,"column":58}},"locations":[{"start":{"line":332,"column":49},"end":{"line":332,"column":58}}]},"50":{"type":"branch","line":332,"loc":{"start":{"line":332,"column":58},"end":{"line":338,"column":5}},"locations":[{"start":{"line":332,"column":58},"end":{"line":338,"column":5}}]},"51":{"type":"branch","line":339,"loc":{"start":{"line":339,"column":49},"end":{"line":339,"column":58}},"locations":[{"start":{"line":339,"column":49},"end":{"line":339,"column":58}}]},"52":{"type":"branch","line":339,"loc":{"start":{"line":339,"column":58},"end":{"line":345,"column":5}},"locations":[{"start":{"line":339,"column":58},"end":{"line":345,"column":5}}]},"53":{"type":"branch","line":346,"loc":{"start":{"line":346,"column":51},"end":{"line":346,"column":60}},"locations":[{"start":{"line":346,"column":51},"end":{"line":346,"column":60}}]},"54":{"type":"branch","line":346,"loc":{"start":{"line":346,"column":60},"end":{"line":352,"column":5}},"locations":[{"start":{"line":346,"column":60},"end":{"line":352,"column":5}}]}},"b":{"0":[149],"1":[0],"2":[1],"3":[148],"4":[84],"5":[84],"6":[64],"7":[137],"8":[0],"9":[32],"10":[28],"11":[2],"12":[26],"13":[13],"14":[0],"15":[11],"16":[2],"17":[20],"18":[1],"19":[19],"20":[2],"21":[26],"22":[1],"23":[25],"24":[130],"25":[24],"26":[11],"27":[11],"28":[1],"29":[11],"30":[0],"31":[10],"32":[1],"33":[0],"34":[10],"35":[0],"36":[17],"37":[1],"38":[1],"39":[1],"40":[2],"41":[0],"42":[3],"43":[0],"44":[2],"45":[2],"46":[1],"47":[0],"48":[26],"49":[9],"50":[17],"51":[9],"52":[17],"53":[25],"54":[1]},"fnMap":{"0":{"name":"normalizeField","decl":{"start":{"line":20,"column":0},"end":{"line":34,"column":1}},"loc":{"start":{"line":20,"column":0},"end":{"line":34,"column":1}},"line":20},"1":{"name":"deepClone","decl":{"start":{"line":36,"column":0},"end":{"line":39,"column":1}},"loc":{"start":{"line":36,"column":0},"end":{"line":39,"column":1}},"line":36},"2":{"name":"MemoryBackend","decl":{"start":{"line":41,"column":7},"end":{"line":46,"column":56}},"loc":{"start":{"line":41,"column":7},"end":{"line":46,"column":56}},"line":41},"3":{"name":"getTask","decl":{"start":{"line":52,"column":2},"end":{"line":59,"column":3}},"loc":{"start":{"line":52,"column":2},"end":{"line":59,"column":3}},"line":52},"4":{"name":"updateTask","decl":{"start":{"line":61,"column":2},"end":{"line":92,"column":3}},"loc":{"start":{"line":61,"column":2},"end":{"line":92,"column":3}},"line":61},"5":{"name":"taskExists","decl":{"start":{"line":94,"column":2},"end":{"line":96,"column":3}},"loc":{"start":{"line":94,"column":2},"end":{"line":96,"column":3}},"line":94},"6":{"name":"getReviewsForTask","decl":{"start":{"line":98,"column":2},"end":{"line":102,"column":3}},"loc":{"start":{"line":98,"column":2},"end":{"line":102,"column":3}},"line":98},"7":{"name":"getReportsForTask","decl":{"start":{"line":104,"column":2},"end":{"line":108,"column":3}},"loc":{"start":{"line":104,"column":2},"end":{"line":108,"column":3}},"line":104},"8":{"name":"createTask","decl":{"start":{"line":114,"column":2},"end":{"line":128,"column":3}},"loc":{"start":{"line":114,"column":2},"end":{"line":128,"column":3}},"line":114},"9":{"name":"addReview","decl":{"start":{"line":130,"column":2},"end":{"line":137,"column":3}},"loc":{"start":{"line":130,"column":2},"end":{"line":137,"column":3}},"line":130},"10":{"name":"addReport","decl":{"start":{"line":139,"column":2},"end":{"line":146,"column":3}},"loc":{"start":{"line":139,"column":2},"end":{"line":146,"column":3}},"line":139},"11":{"name":"addHandoff","decl":{"start":{"line":148,"column":2},"end":{"line":155,"column":3}},"loc":{"start":{"line":148,"column":2},"end":{"line":155,"column":3}},"line":148},"12":{"name":"applyTransition","decl":{"start":{"line":157,"column":2},"end":{"line":199,"column":3}},"loc":{"start":{"line":157,"column":2},"end":{"line":199,"column":3}},"line":157},"13":{"name":"recordTransitionEvent","decl":{"start":{"line":201,"column":2},"end":{"line":209,"column":3}},"loc":{"start":{"line":201,"column":2},"end":{"line":209,"column":3}},"line":201},"14":{"name":"getTaskAuditTrail","decl":{"start":{"line":211,"column":2},"end":{"line":225,"column":3}},"loc":{"start":{"line":211,"column":2},"end":{"line":225,"column":3}},"line":211},"15":{"name":"getGuardFailureHotspots","decl":{"start":{"line":227,"column":2},"end":{"line":252,"column":3}},"loc":{"start":{"line":227,"column":2},"end":{"line":252,"column":3}},"line":227},"16":{"name":"getPolicyCoverage","decl":{"start":{"line":254,"column":2},"end":{"line":296,"column":3}},"loc":{"start":{"line":254,"column":2},"end":{"line":296,"column":3}},"line":254},"17":{"name":"getReworkLineage","decl":{"start":{"line":298,"column":2},"end":{"line":317,"column":3}},"loc":{"start":{"line":298,"column":2},"end":{"line":317,"column":3}},"line":298},"18":{"name":"getAllTasks","decl":{"start":{"line":319,"column":2},"end":{"line":323,"column":3}},"loc":{"start":{"line":319,"column":2},"end":{"line":323,"column":3}},"line":319},"19":{"name":"_buildRelationships","decl":{"start":{"line":329,"column":10},"end":{"line":354,"column":3}},"loc":{"start":{"line":329,"column":10},"end":{"line":354,"column":3}},"line":329}},"f":{"0":149,"1":137,"2":32,"3":28,"4":13,"5":2,"6":0,"7":0,"8":26,"9":11,"10":11,"11":1,"12":11,"13":17,"14":1,"15":1,"16":0,"17":0,"18":0,"19":26}}
,"/private/tmp/aigov/governor-ts/src/backend/neo4j.ts": {"path":"/private/tmp/aigov/governor-ts/src/backend/neo4j.ts","all":false,"statementMap":{"0":{"start":{"line":1,"column":0},"end":{"line":1,"column":3}},"31":{"start":{"line":32,"column":0},"end":{"line":32,"column":55}},"33":{"start":{"line":34,"column":0},"end":{"line":34,"column":68}},"34":{"start":{"line":35,"column":0},"end":{"line":35,"column":26}},"35":{"start":{"line":36,"column":0},"end":{"line":36,"column":7}},"36":{"start":{"line":37,"column":0},"end":{"line":37,"column":41}},"37":{"start":{"line":38,"column":0},"end":{"line":38,"column":17}},"38":{"start":{"line":39,"column":0},"end":{"line":39,"column":11}},"39":{"start":{"line":40,"column":0},"end":{"line":40,"column":20}},"40":{"start":{"line":41,"column":0},"end":{"line":41,"column":67}},"42":{"start":{"line":43,"column":0},"end":{"line":43,"column":6}},"43":{"start":{"line":44,"column":0},"end":{"line":44,"column":3}},"44":{"start":{"line":45,"column":0},"end":{"line":45,"column":1}},"65":{"start":{"line":66,"column":0},"end":{"line":66,"column":78}},"66":{"start":{"line":67,"column":0},"end":{"line":67,"column":33}},"68":{"start":{"line":69,"column":0},"end":{"line":69,"column":67}},"69":{"start":{"line":70,"column":0},"end":{"line":70,"column":33}},"70":{"start":{"line":71,"column":0},"end":{"line":71,"column":67}},"71":{"start":{"line":72,"column":0},"end":{"line":72,"column":20}},"72":{"start":{"line":73,"column":0},"end":{"line":73,"column":88}},"73":{"start":{"line":74,"column":0},"end":{"line":74,"column":6}},"74":{"start":{"line":75,"column":0},"end":{"line":75,"column":3}},"75":{"start":{"line":76,"column":0},"end":{"line":76,"column":63}},"76":{"start":{"line":77,"column":0},"end":{"line":77,"column":38}},"77":{"start":{"line":78,"column":0},"end":{"line":78,"column":3}},"78":{"start":{"line":79,"column":0},"end":{"line":79,"column":15}},"79":{"start":{"line":80,"column":0},"end":{"line":80,"column":1}},"85":{"start":{"line":86,"column":0},"end":{"line":86,"column":51}},"93":{"start":{"line":94,"column":0},"end":{"line":94,"column":22}},"94":{"start":{"line":95,"column":0},"end":{"line":95,"column":42}},"95":{"start":{"line":96,"column":0},"end":{"line":96,"column":19}},"98":{"start":{"line":99,"column":0},"end":{"line":99,"column":5}},"99":{"start":{"line":100,"column":0},"end":{"line":100,"column":12}},"100":{"start":{"line":101,"column":0},"end":{"line":101,"column":26}},"101":{"start":{"line":102,"column":0},"end":{"line":102,"column":35}},"102":{"start":{"line":103,"column":0},"end":{"line":103,"column":53}},"103":{"start":{"line":104,"column":0},"end":{"line":104,"column":39}},"104":{"start":{"line":105,"column":0},"end":{"line":105,"column":47}},"105":{"start":{"line":106,"column":0},"end":{"line":106,"column":47}},"106":{"start":{"line":107,"column":0},"end":{"line":107,"column":3}},"111":{"start":{"line":112,"column":0},"end":{"line":112,"column":73}},"112":{"start":{"line":113,"column":0},"end":{"line":113,"column":58}},"113":{"start":{"line":114,"column":0},"end":{"line":114,"column":37}},"114":{"start":{"line":115,"column":0},"end":{"line":115,"column":41}},"115":{"start":{"line":116,"column":0},"end":{"line":116,"column":68}},"116":{"start":{"line":117,"column":0},"end":{"line":117,"column":52}},"117":{"start":{"line":118,"column":0},"end":{"line":118,"column":62}},"118":{"start":{"line":119,"column":0},"end":{"line":119,"column":42}},"119":{"start":{"line":120,"column":0},"end":{"line":120,"column":7}},"120":{"start":{"line":121,"column":0},"end":{"line":121,"column":3}},"128":{"start":{"line":129,"column":0},"end":{"line":129,"column":23}},"129":{"start":{"line":130,"column":0},"end":{"line":130,"column":49}},"130":{"start":{"line":131,"column":0},"end":{"line":131,"column":28}},"131":{"start":{"line":132,"column":0},"end":{"line":132,"column":64}},"132":{"start":{"line":133,"column":0},"end":{"line":133,"column":67}},"133":{"start":{"line":134,"column":0},"end":{"line":134,"column":79}},"134":{"start":{"line":135,"column":0},"end":{"line":135,"column":20}},"135":{"start":{"line":136,"column":0},"end":{"line":136,"column":75}},"137":{"start":{"line":138,"column":0},"end":{"line":138,"column":33}},"138":{"start":{"line":139,"column":0},"end":{"line":139,"column":49}},"139":{"start":{"line":140,"column":0},"end":{"line":140,"column":51}},"140":{"start":{"line":141,"column":0},"end":{"line":141,"column":59}},"141":{"start":{"line":142,"column":0},"end":{"line":142,"column":29}},"142":{"start":{"line":143,"column":0},"end":{"line":143,"column":22}},"143":{"start":{"line":144,"column":0},"end":{"line":144,"column":99}},"144":{"start":{"line":145,"column":0},"end":{"line":145,"column":8}},"145":{"start":{"line":146,"column":0},"end":{"line":146,"column":5}},"147":{"start":{"line":148,"column":0},"end":{"line":148,"column":32}},"148":{"start":{"line":149,"column":0},"end":{"line":149,"column":16}},"149":{"start":{"line":150,"column":0},"end":{"line":150,"column":18}},"150":{"start":{"line":151,"column":0},"end":{"line":151,"column":26}},"151":{"start":{"line":152,"column":0},"end":{"line":152,"column":15}},"152":{"start":{"line":153,"column":0},"end":{"line":153,"column":19}},"153":{"start":{"line":154,"column":0},"end":{"line":154,"column":7}},"154":{"start":{"line":155,"column":0},"end":{"line":155,"column":3}},"156":{"start":{"line":157,"column":0},"end":{"line":157,"column":37}},"157":{"start":{"line":158,"column":0},"end":{"line":158,"column":30}},"158":{"start":{"line":159,"column":0},"end":{"line":159,"column":45}},"159":{"start":{"line":160,"column":0},"end":{"line":160,"column":34}},"160":{"start":{"line":161,"column":0},"end":{"line":161,"column":90}},"161":{"start":{"line":162,"column":0},"end":{"line":162,"column":3}},"164":{"start":{"line":165,"column":0},"end":{"line":165,"column":32}},"165":{"start":{"line":166,"column":0},"end":{"line":166,"column":31}},"166":{"start":{"line":167,"column":0},"end":{"line":167,"column":3}},"172":{"start":{"line":173,"column":0},"end":{"line":173,"column":52}},"173":{"start":{"line":174,"column":0},"end":{"line":174,"column":51}},"175":{"start":{"line":176,"column":0},"end":{"line":176,"column":19}},"202":{"start":{"line":203,"column":0},"end":{"line":203,"column":53}},"203":{"start":{"line":204,"column":0},"end":{"line":204,"column":22}},"204":{"start":{"line":205,"column":0},"end":{"line":205,"column":41}},"205":{"start":{"line":206,"column":0},"end":{"line":206,"column":7}},"207":{"start":{"line":208,"column":0},"end":{"line":208,"column":31}},"208":{"start":{"line":209,"column":0},"end":{"line":209,"column":51}},"209":{"start":{"line":210,"column":0},"end":{"line":210,"column":5}},"211":{"start":{"line":212,"column":0},"end":{"line":212,"column":30}},"212":{"start":{"line":213,"column":0},"end":{"line":213,"column":41}},"213":{"start":{"line":214,"column":0},"end":{"line":214,"column":71}},"214":{"start":{"line":215,"column":0},"end":{"line":215,"column":69}},"216":{"start":{"line":217,"column":0},"end":{"line":217,"column":21}},"217":{"start":{"line":218,"column":0},"end":{"line":218,"column":49}},"218":{"start":{"line":219,"column":0},"end":{"line":219,"column":46}},"220":{"start":{"line":221,"column":0},"end":{"line":221,"column":56}},"221":{"start":{"line":222,"column":0},"end":{"line":222,"column":54}},"223":{"start":{"line":224,"column":0},"end":{"line":224,"column":57}},"224":{"start":{"line":225,"column":0},"end":{"line":225,"column":28}},"225":{"start":{"line":226,"column":0},"end":{"line":226,"column":46}},"227":{"start":{"line":228,"column":0},"end":{"line":228,"column":79}},"228":{"start":{"line":229,"column":0},"end":{"line":229,"column":20}},"229":{"start":{"line":230,"column":0},"end":{"line":230,"column":44}},"230":{"start":{"line":231,"column":0},"end":{"line":231,"column":39}},"231":{"start":{"line":232,"column":0},"end":{"line":232,"column":55}},"232":{"start":{"line":233,"column":0},"end":{"line":233,"column":53}},"233":{"start":{"line":234,"column":0},"end":{"line":234,"column":58}},"234":{"start":{"line":235,"column":0},"end":{"line":235,"column":5}},"235":{"start":{"line":236,"column":0},"end":{"line":236,"column":18}},"236":{"start":{"line":237,"column":0},"end":{"line":237,"column":3}},"238":{"start":{"line":239,"column":0},"end":{"line":239,"column":19}},"239":{"start":{"line":240,"column":0},"end":{"line":240,"column":19}},"240":{"start":{"line":241,"column":0},"end":{"line":241,"column":37}},"241":{"start":{"line":242,"column":0},"end":{"line":242,"column":35}},"242":{"start":{"line":243,"column":0},"end":{"line":243,"column":28}},"243":{"start":{"line":244,"column":0},"end":{"line":244,"column":36}},"244":{"start":{"line":245,"column":0},"end":{"line":245,"column":45}},"245":{"start":{"line":246,"column":0},"end":{"line":246,"column":22}},"246":{"start":{"line":247,"column":0},"end":{"line":247,"column":61}},"247":{"start":{"line":248,"column":0},"end":{"line":248,"column":6}},"249":{"start":{"line":250,"column":0},"end":{"line":250,"column":57}},"250":{"start":{"line":251,"column":0},"end":{"line":251,"column":40}},"251":{"start":{"line":252,"column":0},"end":{"line":252,"column":57}},"252":{"start":{"line":253,"column":0},"end":{"line":253,"column":7}},"253":{"start":{"line":254,"column":0},"end":{"line":254,"column":37}},"254":{"start":{"line":255,"column":0},"end":{"line":255,"column":26}},"255":{"start":{"line":256,"column":0},"end":{"line":256,"column":43}},"256":{"start":{"line":257,"column":0},"end":{"line":257,"column":14}},"257":{"start":{"line":258,"column":0},"end":{"line":258,"column":52}},"258":{"start":{"line":259,"column":0},"end":{"line":259,"column":59}},"259":{"start":{"line":260,"column":0},"end":{"line":260,"column":7}},"260":{"start":{"line":261,"column":0},"end":{"line":261,"column":5}},"262":{"start":{"line":263,"column":0},"end":{"line":263,"column":51}},"263":{"start":{"line":264,"column":0},"end":{"line":264,"column":54}},"265":{"start":{"line":266,"column":0},"end":{"line":266,"column":19}},"268":{"start":{"line":269,"column":0},"end":{"line":269,"column":34}},"272":{"start":{"line":273,"column":0},"end":{"line":273,"column":61}},"273":{"start":{"line":274,"column":0},"end":{"line":274,"column":31}},"274":{"start":{"line":275,"column":0},"end":{"line":275,"column":77}},"275":{"start":{"line":276,"column":0},"end":{"line":276,"column":49}},"276":{"start":{"line":277,"column":0},"end":{"line":277,"column":73}},"277":{"start":{"line":278,"column":0},"end":{"line":278,"column":30}},"278":{"start":{"line":279,"column":0},"end":{"line":279,"column":10}},"279":{"start":{"line":280,"column":0},"end":{"line":280,"column":50}},"280":{"start":{"line":281,"column":0},"end":{"line":281,"column":16}},"281":{"start":{"line":282,"column":0},"end":{"line":282,"column":25}},"282":{"start":{"line":283,"column":0},"end":{"line":283,"column":39}},"283":{"start":{"line":284,"column":0},"end":{"line":284,"column":26}},"284":{"start":{"line":285,"column":0},"end":{"line":285,"column":57}},"285":{"start":{"line":286,"column":0},"end":{"line":286,"column":40}},"286":{"start":{"line":287,"column":0},"end":{"line":287,"column":10}},"287":{"start":{"line":288,"column":0},"end":{"line":288,"column":7}},"288":{"start":{"line":289,"column":0},"end":{"line":289,"column":65}},"289":{"start":{"line":290,"column":0},"end":{"line":290,"column":5}},"290":{"start":{"line":291,"column":0},"end":{"line":291,"column":12}},"291":{"start":{"line":292,"column":0},"end":{"line":292,"column":20}},"292":{"start":{"line":293,"column":0},"end":{"line":293,"column":22}},"293":{"start":{"line":294,"column":0},"end":{"line":294,"column":46}},"294":{"start":{"line":295,"column":0},"end":{"line":295,"column":6}},"295":{"start":{"line":296,"column":0},"end":{"line":296,"column":3}},"297":{"start":{"line":298,"column":0},"end":{"line":298,"column":54}},"298":{"start":{"line":299,"column":0},"end":{"line":299,"column":45}},"299":{"start":{"line":300,"column":0},"end":{"line":300,"column":66}},"300":{"start":{"line":301,"column":0},"end":{"line":301,"column":26}},"301":{"start":{"line":302,"column":0},"end":{"line":302,"column":6}},"302":{"start":{"line":303,"column":0},"end":{"line":303,"column":73}},"303":{"start":{"line":304,"column":0},"end":{"line":304,"column":3}},"305":{"start":{"line":306,"column":0},"end":{"line":306,"column":26}},"306":{"start":{"line":307,"column":0},"end":{"line":307,"column":19}},"307":{"start":{"line":308,"column":0},"end":{"line":308,"column":41}},"308":{"start":{"line":309,"column":0},"end":{"line":309,"column":45}},"309":{"start":{"line":310,"column":0},"end":{"line":310,"column":67}},"311":{"start":{"line":312,"column":0},"end":{"line":312,"column":26}},"312":{"start":{"line":313,"column":0},"end":{"line":313,"column":6}},"313":{"start":{"line":314,"column":0},"end":{"line":314,"column":67}},"314":{"start":{"line":315,"column":0},"end":{"line":315,"column":3}},"316":{"start":{"line":317,"column":0},"end":{"line":317,"column":26}},"317":{"start":{"line":318,"column":0},"end":{"line":318,"column":19}},"318":{"start":{"line":319,"column":0},"end":{"line":319,"column":41}},"319":{"start":{"line":320,"column":0},"end":{"line":320,"column":45}},"320":{"start":{"line":321,"column":0},"end":{"line":321,"column":67}},"322":{"start":{"line":323,"column":0},"end":{"line":323,"column":26}},"323":{"start":{"line":324,"column":0},"end":{"line":324,"column":6}},"324":{"start":{"line":325,"column":0},"end":{"line":325,"column":67}},"325":{"start":{"line":326,"column":0},"end":{"line":326,"column":3}},"331":{"start":{"line":332,"column":0},"end":{"line":332,"column":59}},"332":{"start":{"line":333,"column":0},"end":{"line":333,"column":36}},"333":{"start":{"line":334,"column":0},"end":{"line":334,"column":40}},"334":{"start":{"line":335,"column":0},"end":{"line":335,"column":56}},"335":{"start":{"line":336,"column":0},"end":{"line":336,"column":5}},"337":{"start":{"line":338,"column":0},"end":{"line":338,"column":46}},"338":{"start":{"line":339,"column":0},"end":{"line":339,"column":58}},"339":{"start":{"line":340,"column":0},"end":{"line":340,"column":50}},"340":{"start":{"line":341,"column":0},"end":{"line":341,"column":5}},"341":{"start":{"line":342,"column":0},"end":{"line":342,"column":41}},"342":{"start":{"line":343,"column":0},"end":{"line":343,"column":44}},"343":{"start":{"line":344,"column":0},"end":{"line":344,"column":31}},"345":{"start":{"line":346,"column":0},"end":{"line":346,"column":46}},"346":{"start":{"line":347,"column":0},"end":{"line":347,"column":68}},"347":{"start":{"line":348,"column":0},"end":{"line":348,"column":16}},"348":{"start":{"line":349,"column":0},"end":{"line":349,"column":6}},"349":{"start":{"line":350,"column":0},"end":{"line":350,"column":31}},"350":{"start":{"line":351,"column":0},"end":{"line":351,"column":58}},"351":{"start":{"line":352,"column":0},"end":{"line":352,"column":5}},"352":{"start":{"line":353,"column":0},"end":{"line":353,"column":39}},"353":{"start":{"line":354,"column":0},"end":{"line":354,"column":3}},"355":{"start":{"line":356,"column":0},"end":{"line":356,"column":18}},"356":{"start":{"line":357,"column":0},"end":{"line":357,"column":19}},"357":{"start":{"line":358,"column":0},"end":{"line":358,"column":36}},"358":{"start":{"line":359,"column":0},"end":{"line":359,"column":20}},"359":{"start":{"line":360,"column":0},"end":{"line":360,"column":43}},"360":{"start":{"line":361,"column":0},"end":{"line":361,"column":51}},"361":{"start":{"line":362,"column":0},"end":{"line":362,"column":5}},"362":{"start":{"line":363,"column":0},"e
[...]
e":197,"column":5}},"197":{"start":{"line":198,"column":0},"end":{"line":198,"column":50}},"198":{"start":{"line":199,"column":0},"end":{"line":199,"column":18}},"199":{"start":{"line":200,"column":0},"end":{"line":200,"column":80}},"202":{"start":{"line":203,"column":0},"end":{"line":203,"column":21}},"203":{"start":{"line":204,"column":0},"end":{"line":204,"column":23}},"204":{"start":{"line":205,"column":0},"end":{"line":205,"column":21}},"205":{"start":{"line":206,"column":0},"end":{"line":206,"column":18}},"206":{"start":{"line":207,"column":0},"end":{"line":207,"column":28}},"207":{"start":{"line":208,"column":0},"end":{"line":208,"column":68}},"208":{"start":{"line":209,"column":0},"end":{"line":209,"column":24}},"209":{"start":{"line":210,"column":0},"end":{"line":210,"column":23}},"210":{"start":{"line":211,"column":0},"end":{"line":211,"column":12}},"211":{"start":{"line":212,"column":0},"end":{"line":212,"column":10}},"212":{"start":{"line":213,"column":0},"end":{"line":213,"column":21}},"213":{"start":{"line":214,"column":0},"end":{"line":214,"column":8}},"214":{"start":{"line":215,"column":0},"end":{"line":215,"column":77}},"215":{"start":{"line":216,"column":0},"end":{"line":216,"column":6}},"216":{"start":{"line":217,"column":0},"end":{"line":217,"column":5}},"217":{"start":{"line":218,"column":0},"end":{"line":218,"column":42}},"218":{"start":{"line":219,"column":0},"end":{"line":219,"column":18}},"219":{"start":{"line":220,"column":0},"end":{"line":220,"column":89}},"222":{"start":{"line":223,"column":0},"end":{"line":223,"column":21}},"223":{"start":{"line":224,"column":0},"end":{"line":224,"column":23}},"224":{"start":{"line":225,"column":0},"end":{"line":225,"column":21}},"225":{"start":{"line":226,"column":0},"end":{"line":226,"column":20}},"226":{"start":{"line":227,"column":0},"end":{"line":227,"column":27}},"227":{"start":{"line":228,"column":0},"end":{"line":228,"column":61}},"228":{"start":{"line":229,"column":0},"end":{"line":229,"column":25}},"229":{"start":{"line":230,"column":0},"end":{"line":230,"column":12}},"230":{"start":{"line":231,"column":0},"end":{"line":231,"column":10}},"231":{"start":{"line":232,"column":0},"end":{"line":232,"column":30}},"232":{"start":{"line":233,"column":0},"end":{"line":233,"column":8}},"233":{"start":{"line":234,"column":0},"end":{"line":234,"column":70}},"234":{"start":{"line":235,"column":0},"end":{"line":235,"column":6}},"235":{"start":{"line":236,"column":0},"end":{"line":236,"column":5}},"236":{"start":{"line":237,"column":0},"end":{"line":237,"column":43}},"237":{"start":{"line":238,"column":0},"end":{"line":238,"column":18}},"238":{"start":{"line":239,"column":0},"end":{"line":239,"column":78}},"241":{"start":{"line":242,"column":0},"end":{"line":242,"column":21}},"242":{"start":{"line":243,"column":0},"end":{"line":243,"column":23}},"243":{"start":{"line":244,"column":0},"end":{"line":244,"column":23}},"244":{"start":{"line":245,"column":0},"end":{"line":245,"column":21}},"245":{"start":{"line":246,"column":0},"end":{"line":246,"column":8}},"246":{"start":{"line":247,"column":0},"end":{"line":247,"column":71}},"247":{"start":{"line":248,"column":0},"end":{"line":248,"column":6}},"248":{"start":{"line":249,"column":0},"end":{"line":249,"column":4}},"249":{"start":{"line":250,"column":0},"end":{"line":250,"column":1}}},"s":{"39":1,"41":6,"47":1,"48":1,"49":1,"50":1,"51":1,"52":1,"53":1,"54":1,"55":1,"57":6,"60":0,"61":0,"62":0,"64":6,"67":0,"68":0,"69":0,"70":0,"72":6,"74":0,"75":0,"76":0,"77":0,"79":6,"80":0,"81":0,"83":6,"85":0,"86":0,"87":0,"89":6,"90":6,"91":6,"92":6,"93":6,"105":6,"106":6,"107":6,"108":6,"109":6,"110":6,"111":6,"112":6,"113":6,"114":6,"115":6,"116":6,"117":6,"118":6,"119":6,"120":6,"121":6,"122":6,"123":6,"124":6,"125":6,"126":6,"127":6,"128":6,"129":6,"130":6,"131":6,"132":6,"133":6,"134":6,"135":6,"136":6,"137":6,"138":6,"139":6,"140":6,"141":6,"142":6,"143":6,"144":6,"152":6,"153":6,"154":6,"155":6,"156":6,"157":6,"158":6,"159":6,"160":6,"161":6,"162":6,"163":6,"164":6,"165":6,"166":6,"167":6,"168":6,"169":6,"170":6,"171":6,"172":6,"173":6,"177":6,"178":6,"179":6,"180":6,"181":6,"182":6,"183":6,"184":6,"185":6,"186":6,"187":6,"188":6,"189":6,"190":6,"191":6,"192":6,"193":6,"194":6,"195":6,"196":6,"197":6,"198":6,"199":6,"202":6,"203":6,"204":6,"205":6,"206":6,"207":6,"208":6,"209":6,"210":6,"211":6,"212":6,"213":6,"214":6,"215":6,"216":6,"217":6,"218":6,"219":6,"222":6,"223":6,"224":6,"225":6,"226":6,"227":6,"228":6,"229":6,"230":6,"231":6,"232":6,"233":6,"234":6,"235":6,"236":6,"237":6,"238":6,"241":6,"242":6,"243":6,"244":6,"245":6,"246":6,"247":6,"248":6,"249":6},"branchMap":{"0":{"type":"branch","line":40,"loc":{"start":{"line":40,"column":7},"end":{"line":250,"column":1}},"locations":[{"start":{"line":40,"column":7},"end":{"line":250,"column":1}}]},"1":{"type":"branch","line":42,"loc":{"start":{"line":42,"column":2},"end":{"line":56,"column":3}},"locations":[{"start":{"line":42,"column":2},"end":{"line":56,"column":3}}]},"2":{"type":"branch","line":53,"loc":{"start":{"line":53,"column":11},"end":{"line":53,"column":28}},"locations":[{"start":{"line":53,"column":11},"end":{"line":53,"column":28}}]}},"b":{"0":[6],"1":[1],"2":[0]},"fnMap":{"0":{"name":"createGovernorTools","decl":{"start":{"line":40,"column":7},"end":{"line":250,"column":1}},"loc":{"start":{"line":40,"column":7},"end":{"line":250,"column":1}},"line":40},"1":{"name":"handleTransitionTask","decl":{"start":{"line":42,"column":2},"end":{"line":56,"column":3}},"loc":{"start":{"line":42,"column":2},"end":{"line":56,"column":3}},"line":42},"2":{"name":"handleGetAvailableTransitions","decl":{"start":{"line":58,"column":2},"end":{"line":63,"column":3}},"loc":{"start":{"line":58,"column":2},"end":{"line":63,"column":3}},"line":58},"3":{"name":"handleGetTaskAuditTrail","decl":{"start":{"line":65,"column":2},"end":{"line":71,"column":3}},"loc":{"start":{"line":65,"column":2},"end":{"line":71,"column":3}},"line":65},"4":{"name":"handleGetGuardFailureHotspots","decl":{"start":{"line":73,"column":2},"end":{"line":78,"column":3}},"loc":{"start":{"line":73,"column":2},"end":{"line":78,"column":3}},"line":73},"5":{"name":"handleGetPolicyCoverage","decl":{"start":{"line":80,"column":2},"end":{"line":82,"column":3}},"loc":{"start":{"line":80,"column":2},"end":{"line":82,"column":3}},"line":80},"6":{"name":"handleGetReworkLineage","decl":{"start":{"line":84,"column":2},"end":{"line":88,"column":3}},"loc":{"start":{"line":84,"column":2},"end":{"line":88,"column":3}},"line":84}},"f":{"0":6,"1":1,"2":0,"3":0,"4":0,"5":0,"6":0}}
,"/private/tmp/aigov/governor-ts/src/scoring/rubric.ts": {"path":"/private/tmp/aigov/governor-ts/src/scoring/rubric.ts","all":false,"statementMap":{"0":{"start":{"line":1,"column":0},"end":{"line":1,"column":3}},"63":{"start":{"line":64,"column":0},"end":{"line":64,"column":28}},"67":{"start":{"line":68,"column":0},"end":{"line":68,"column":35}},"68":{"start":{"line":69,"column":0},"end":{"line":69,"column":58}},"69":{"start":{"line":70,"column":0},"end":{"line":70,"column":33}},"70":{"start":{"line":71,"column":0},"end":{"line":71,"column":73}},"71":{"start":{"line":72,"column":0},"end":{"line":72,"column":69}},"72":{"start":{"line":73,"column":0},"end":{"line":73,"column":56}},"73":{"start":{"line":74,"column":0},"end":{"line":74,"column":7}},"74":{"start":{"line":75,"column":0},"end":{"line":75,"column":5}},"75":{"start":{"line":76,"column":0},"end":{"line":76,"column":3}},"77":{"start":{"line":78,"column":0},"end":{"line":78,"column":27}},"78":{"start":{"line":79,"column":0},"end":{"line":79,"column":41}},"79":{"start":{"line":80,"column":0},"end":{"line":80,"column":3}},"81":{"start":{"line":82,"column":0},"end":{"line":82,"column":31}},"82":{"start":{"line":83,"column":0},"end":{"line":83,"column":45}},"83":{"start":{"line":84,"column":0},"end":{"line":84,"column":3}},"92":{"start":{"line":93,"column":0},"end":{"line":93,"column":8}},"93":{"start":{"line":94,"column":0},"end":{"line":94,"column":39}},"94":{"start":{"line":95,"column":0},"end":{"line":95,"column":33}},"95":{"start":{"line":96,"column":0},"end":{"line":96,"column":27}},"96":{"start":{"line":97,"column":0},"end":{"line":97,"column":18}},"97":{"start":{"line":98,"column":0},"end":{"line":98,"column":41}},"100":{"start":{"line":101,"column":0},"end":{"line":101,"column":26}},"101":{"start":{"line":102,"column":0},"end":{"line":102,"column":62}},"102":{"start":{"line":103,"column":0},"end":{"line":103,"column":51}},"103":{"start":{"line":104,"column":0},"end":{"line":104,"column":48}},"104":{"start":{"line":105,"column":0},"end":{"line":105,"column":5}},"105":{"start":{"line":106,"column":0},"end":{"line":106,"column":60}},"108":{"start":{"line":109,"column":0},"end":{"line":109,"column":45}},"109":{"start":{"line":110,"column":0},"end":{"line":110,"column":51}},"110":{"start":{"line":111,"column":0},"end":{"line":111,"column":8}},"111":{"start":{"line":112,"column":0},"end":{"line":112,"column":6}},"114":{"start":{"line":115,"column":0},"end":{"line":115,"column":80}},"115":{"start":{"line":116,"column":0},"end":{"line":116,"column":58}},"116":{"start":{"line":117,"column":0},"end":{"line":117,"column":39}},"117":{"start":{"line":118,"column":0},"end":{"line":118,"column":27}},"118":{"start":{"line":119,"column":0},"end":{"line":119,"column":5}},"120":{"start":{"line":121,"column":0},"end":{"line":121,"column":71}},"121":{"start":{"line":122,"column":0},"end":{"line":122,"column":92}},"123":{"start":{"line":124,"column":0},"end":{"line":124,"column":12}},"124":{"start":{"line":125,"column":0},"end":{"line":125,"column":33}},"125":{"start":{"line":126,"column":0},"end":{"line":126,"column":36}},"126":{"start":{"line":127,"column":0},"end":{"line":127,"column":17}},"127":{"start":{"line":128,"column":0},"end":{"line":128,"column":17}},"128":{"start":{"line":129,"column":0},"end":{"line":129,"column":38}},"129":{"start":{"line":130,"column":0},"end":{"line":130,"column":35}},"130":{"start":{"line":131,"column":0},"end":{"line":131,"column":30}},"131":{"start":{"line":132,"column":0},"end":{"line":132,"column":39}},"132":{"start":{"line":133,"column":0},"end":{"line":133,"column":6}},"133":{"start":{"line":134,"column":0},"end":{"line":134,"column":3}},"135":{"start":{"line":136,"column":0},"end":{"line":136,"column":73}},"136":{"start":{"line":137,"column":0},"end":{"line":137,"column":69}},"137":{"start":{"line":138,"column":0},"end":{"line":138,"column":54}},"139":{"start":{"line":140,"column":0},"end":{"line":140,"column":75}},"140":{"start":{"line":141,"column":0},"end":{"line":141,"column":29}},"141":{"start":{"line":142,"column":0},"end":{"line":142,"column":22}},"142":{"start":{"line":143,"column":0},"end":{"line":143,"column":65}},"143":{"start":{"line":144,"column":0},"end":{"line":144,"column":71}},"144":{"start":{"line":145,"column":0},"end":{"line":145,"column":8}},"145":{"start":{"line":146,"column":0},"end":{"line":146,"column":5}},"147":{"start":{"line":148,"column":0},"end":{"line":148,"column":62}},"148":{"start":{"line":149,"column":0},"end":{"line":149,"column":39}},"149":{"start":{"line":150,"column":0},"end":{"line":150,"column":24}},"150":{"start":{"line":151,"column":0},"end":{"line":151,"column":76}},"151":{"start":{"line":152,"column":0},"end":{"line":152,"column":10}},"152":{"start":{"line":153,"column":0},"end":{"line":153,"column":7}},"153":{"start":{"line":154,"column":0},"end":{"line":154,"column":23}},"154":{"start":{"line":155,"column":0},"end":{"line":155,"column":66}},"155":{"start":{"line":156,"column":0},"end":{"line":156,"column":7}},"156":{"start":{"line":157,"column":0},"end":{"line":157,"column":5}},"157":{"start":{"line":158,"column":0},"end":{"line":158,"column":3}},"159":{"start":{"line":160,"column":0},"end":{"line":160,"column":42}},"160":{"start":{"line":161,"column":0},"end":{"line":161,"column":60}},"161":{"start":{"line":162,"column":0},"end":{"line":162,"column":70}},"162":{"start":{"line":163,"column":0},"end":{"line":163,"column":66}},"163":{"start":{"line":164,"column":0},"end":{"line":164,"column":31}},"164":{"start":{"line":165,"column":0},"end":{"line":165,"column":3}},"165":{"start":{"line":166,"column":0},"end":{"line":166,"column":1}}},"s":{"0":1,"63":1,"67":1,"68":12,"69":12,"70":12,"71":45,"72":45,"73":45,"74":45,"75":12,"77":1,"78":26,"79":26,"81":1,"82":18,"83":18,"92":1,"93":10,"94":10,"95":10,"96":10,"97":10,"100":10,"101":10,"102":32,"103":32,"104":32,"105":8,"108":8,"109":8,"110":8,"111":8,"114":8,"115":10,"116":10,"117":3,"118":3,"120":8,"121":8,"123":8,"124":8,"125":8,"126":8,"127":8,"128":8,"129":8,"130":8,"131":8,"132":8,"133":10,"135":1,"136":10,"137":10,"139":10,"140":10,"141":1,"142":1,"143":1,"144":1,"145":1,"147":10,"148":33,"149":0,"150":0,"151":0,"152":0,"153":33,"154":1,"155":1,"156":33,"157":10,"159":1,"160":8,"161":8,"162":8,"163":4,"164":8,"165":1},"branchMap":{"0":{"type":"branch","line":68,"loc":{"start":{"line":68,"column":2},"end":{"line":76,"column":3}},"locations":[{"start":{"line":68,"column":2},"end":{"line":76,"column":3}}]},"1":{"type":"branch","line":69,"loc":{"start":{"line":69,"column":19},"end":{"line":69,"column":58}},"locations":[{"start":{"line":69,"column":19},"end":{"line":69,"column":58}}]},"2":{"type":"branch","line":71,"loc":{"start":{"line":71,"column":72},"end":{"line":75,"column":5}},"locations":[{"start":{"line":71,"column":72},"end":{"line":75,"column":5}}]},"3":{"type":"branch","line":78,"loc":{"start":{"line":78,"column":2},"end":{"line":80,"column":3}},"locations":[{"start":{"line":78,"column":2},"end":{"line":80,"column":3}}]},"4":{"type":"branch","line":79,"loc":{"start":{"line":79,"column":24},"end":{"line":79,"column":41}},"locations":[{"start":{"line":79,"column":24},"end":{"line":79,"column":41}}]},"5":{"type":"branch","line":82,"loc":{"start":{"line":82,"column":2},"end":{"line":84,"column":3}},"locations":[{"start":{"line":82,"column":2},"end":{"line":84,"column":3}}]},"6":{"type":"branch","line":83,"loc":{"start":{"line":83,"column":24},"end":{"line":83,"column":45}},"locations":[{"start":{"line":83,"column":24},"end":{"line":83,"column":45}}]},"7":{"type":"branch","line":93,"loc":{"start":{"line":93,"column":2},"end":{"line":134,"column":3}},"locations":[{"start":{"line":93,"column":2},"end":{"line":134,"column":3}}]},"8":{"type":"branch","line":102,"loc":{"start":{"line":102,"column":61},"end":{"line":105,"column":5}},"locations":[{"start":{"line":102,"column":61},"end":{"line":105,"column":5}}]},"9":{"type":"branch","line":105,"loc":{"start":{"line":105,"column":4},"end":{"line":116,"column":55}},"locations":[{"start":{"line":105,"column":4},"end":{"line":116,"column":55}}]},"10":{"type":"branch","line":116,"loc":{"start":{"line":116,"column":38},"end":{"line":116,"column":58}},"locations":[{"start":{"line":116,"column":38},"end":{"line":116,"column":58}}]},"11":{"type":"branch","line":117,"loc":{"start":{"line":117,"column":38},"end":{"line":119,"column":5}},"locations":[{"start":{"line":117,"column":38},"end":{"line":119,"column":5}}]},"12":{"type":"branch","line":119,"loc":{"start":{"line":119,"column":4},"end":{"line":133,"column":6}},"locations":[{"start":{"line":119,"column":4},"end":{"line":133,"column":6}}]},"13":{"type":"branch","line":110,"loc":{"start":{"line":110,"column":6},"end":{"line":110,"column":51}},"locations":[{"start":{"line":110,"column":6},"end":{"line":110,"column":51}}]},"14":{"type":"branch","line":110,"loc":{"start":{"line":110,"column":38},"end":{"line":110,"column":49}},"locations":[{"start":{"line":110,"column":38},"end":{"line":110,"column":49}}]},"15":{"type":"branch","line":136,"loc":{"start":{"line":136,"column":10},"end":{"line":158,"column":3}},"locations":[{"start":{"line":136,"column":10},"end":{"line":158,"column":3}}]},"16":{"type":"branch","line":141,"loc":{"start":{"line":141,"column":28},"end":{"line":146,"column":5}},"locations":[{"start":{"line":141,"column":28},"end":{"line":146,"column":5}}]},"17":{"type":"branch","line":146,"loc":{"start":{"line":146,"column":4},"end":{"line":148,"column":61}},"locations":[{"start":{"line":146,"column":4},"end":{"line":148,"column":61}}]},"18":{"type":"branch","line":148,"loc":{"start":{"line":148,"column":61},"end":{"line":157,"column":5}},"locations":[{"start":{"line":148,"column":61},"end":{"line":157,"column":5}}]},"19":{"type":"branch","line":149,"loc":{"start":{"line":149,"column":38},"end":{"line":153,"column":7}},"locations":[{"start":{"line":149,"column":38},"end":{"line":153,"column":7}}]},"20":{"type":"branch","line":154,"loc":{"start":{"line":154,"column":22},"end":{"line":156,"column":7}},"locations":[{"start":{"line":154,"column":22},"end":{"line":156,"column":7}}]},"21":{"type":"branch","line":157,"loc":{"start":{"line":157,"column":4},"end":{"line":157,"column":5}},"locations":[{"start":{"line":157,"column":4},"end":{"line":157,"column":5}}]},"22":{"type":"branch","line":140,"loc":{"start":{"line":140,"column":41},"end":{"line":140,"column":66}},"locations":[{"start":{"line":140,"column":41},"end":{"line":140,"column":66}}]},"23":{"type":"branch","line":160,"loc":{"start":{"line":160,"column":10},"end":{"line":165,"column":3}},"locations":[{"start":{"line":160,"column":10},"end":{"line":165,"column":3}}]},"24":{"type":"branch","line":161,"loc":{"start":{"line":161,"column":36},"end":{"line":161,"column":60}},"locations":[{"start":{"line":161,"column":36},"end":{"line":161,"column":60}}]},"25":{"type":"branch","line":162,"loc":{"start":{"line":162,"column":29},"end":{"line":162,"column":49}},"locations":[{"start":{"line":162,"column":29},"end":{"line":162,"column":49}}]},"26":{"type":"branch","line":162,"loc":{"start":{"line":162,"column":49},"end":{"line":162,"column":70}},"locations":[{"start":{"line":162,"column":49},"end":{"line":162,"column":70}}]},"27":{"type":"branch","line":162,"loc":{"start":{"line":162,"column":56},"end":{"line":163,"column":42}},"locations":[{"start":{"line":162,"column":56},"end":{"line":163,"column":42}}]},"28":{"type":"branch","line":163,"loc":{"start":{"line":163,"column":29},"end":{"line":163,"column":47}},"locations":[{"start":{"line":163,"column":29},"end":{"line":163,"column":47}}]},"29":{"type":"branch","line":163,"loc":{"start":{"line":163,"column":47},"end":{"line":163,"column":66}},"locations":[{"start":{"line":163,"column":47},"end":{"line":163,"column":66}}]},"30":{"type":"branch","line":163,"loc":{"start":{"line":163,"column":54},"end":{"line":164,"column":31}},"locations":[{"start":{"line":163,"column":54},"end":{"line":164,"column":31}}]}},"b":{"0":[12],"1":[11],"2":[45],"3":[26],"4":[0],"5":[18],"6":[0],"7":[10],"8":[32],"9":[8],"10":[0],"11":[3],"12":[8],"13":[2],"14":[0],"15":[10],"16":[1],"17":[9],"18":[33],"19":[0],"20":[1],"21":[8],"22":[34],"23":[8],"24":[0],"25":[0],"26":[2],"27":[6],"28":[0],"29":[2],"30":[4]},"fnMap":{"0":{"name":"ScoringRubric","decl":{"start":{"line":68,"column":2},"end":{"line":76,"column":3}},"loc":{"start":{"line":68,"column":2},"end":{"line":76,"column":3}},"line":68},"1":{"name":"get baseScore","decl":{"start":{"line":78,"column":2},"end":{"line":80,"column":3}},"loc":{"start":{"line":78,"column":2},"end":{"line":80,"column":3}},"line":78},"2":{"name":"get excellenceMax","decl":{"start":{"line":82,"column":2},"end":{"line":84,"column":3}},"loc":{"start":{"line":82,"column":2},"end":{"line":84,"column":3}},"line":82},"3":{"name":"score","decl":{"start":{"line":93,"column":2},"end":{"line":134,"column":3}},"loc":{"start":{"line":93,"column":2},"end":{"line":134,"column":3}},"line":93},"4":{"name":"_validateCategories","decl":{"start":{"line":136,"column":10},"end":{"line":158,"column":3}},"loc":{"start":{"line":136,"column":10},"end":{"line":158,"column":3}},"line":136},"5":{"name":"_rating","decl":{"start":{"line":160,"column":10},"end":{"line":165,"column":3}},"loc":{"start":{"line":160,"column":10},"end":{"line":165,"column":3}},"line":160}},"f":{"0":12,"1":26,"2":18,"3":10,"4":10,"5":8}}
}
